2009-09-19 15:56:11,130 DEBUG    TiddlyWeb starting up as /usr/local/bin/twanager
2009-09-19 15:56:11,131 DEBUG    running command server with []
2009-09-19 15:56:11,342 DEBUG    attempt to import system plugin methodhack
2009-09-19 15:56:11,345 DEBUG    attempt to import system plugin tiddlywebwiki
2009-09-19 15:56:11,442 DEBUG    attempt to import system plugin atomplugin
2009-09-19 15:56:11,443 DEBUG    wrapping app with <class 'tiddlyweb.web.negotiate.Negotiate'>
2009-09-19 15:56:11,443 DEBUG    wrapping app with <class 'tiddlyweb.web.wsgi.Header'>
2009-09-19 15:56:11,443 DEBUG    wrapping app with <class 'tiddlyweb.web.extractor.UserExtract'>
2009-09-19 15:56:11,444 DEBUG    wrapping app with <class 'tiddlyweb.web.wsgi.StoreSet'>
2009-09-19 15:56:11,444 DEBUG    wrapping app with <class 'tiddlyweb.web.query.Query'>
2009-09-19 15:56:11,444 DEBUG    wrapping app with <class 'methodhack.MethodHack'>
2009-09-19 15:56:11,444 DEBUG    wrapping app with <class 'tiddlyweb.web.serve.Environator'>
2009-09-19 15:56:11,444 DEBUG    wrapping app with <class 'tiddlyweb.web.serve.Configurator'>
2009-09-19 15:56:11,444 DEBUG    wrapping app with <class 'tiddlyweb.web.wsgi.HTMLPresenter'>
2009-09-19 15:56:11,444 DEBUG    wrapping app with <class 'tiddlyweb.web.wsgi.PermissionsExceptor'>
2009-09-19 15:56:11,444 DEBUG    wrapping app with <class 'tiddlyweb.web.http.HTTPExceptor'>
2009-09-19 15:56:11,444 DEBUG    wrapping app with <class 'tiddlyweb.web.wsgi.EncodeUTF8'>
2009-09-19 15:56:11,445 DEBUG    wrapping app with <class 'tiddlyweb.web.wsgi.SimpleLog'>
2009-09-19 15:56:11,445 DEBUG    starting cherrypy at 0.0.0.0:8080
2009-09-19 15:56:16,233 DEBUG    starting "GET" request with uri "None", script_name "", path_info "/recipes/portal/tiddlers" and query ""
2009-09-19 15:56:16,233 DEBUG    overriding GET method to GET
2009-09-19 15:56:16,250 DEBUG    negotiating for accept and extensions ['text/html', 'application/xhtml+xml', 'application/xml', '*/*', '*/*']
2009-09-19 15:56:16,398 INFO     127.0.0.1 - GUEST [19/Sep/2009:15:56:16 ] "GET /recipes/portal/tiddlers HTTP/1.1" 302 - "http://0.0.0.0:8080/recipes/portal" "Mozilla/5.0 (Macintosh; U; Intel Mac OS X 10.5; en-US; rv:1.9.1.3) Gecko/20090824 Firefox/3.5.3"
2009-09-19 15:56:16,403 DEBUG    starting "GET" request with uri "None", script_name "", path_info "/challenge" and query "tiddlyweb_redirect=%2Frecipes%2Fportal%2Ftiddlers"
2009-09-19 15:56:16,404 DEBUG    overriding GET method to GET
2009-09-19 15:56:16,404 DEBUG    negotiating for accept and extensions ['text/html', 'application/xhtml+xml', 'application/xml', '*/*', '*/*']
2009-09-19 15:56:16,404 INFO     127.0.0.1 - GUEST [19/Sep/2009:15:56:16 ] "GET /challenge?tiddlyweb_redirect=%2Frecipes%2Fportal%2Ftiddlers HTTP/1.1" 302 - "http://0.0.0.0:8080/recipes/portal" "Mozilla/5.0 (Macintosh; U; Intel Mac OS X 10.5; en-US; rv:1.9.1.3) Gecko/20090824 Firefox/3.5.3"
2009-09-19 15:56:16,411 DEBUG    starting "GET" request with uri "None", script_name "", path_info "/challenge/ldap" and query "tiddlyweb_redirect=%2Frecipes%2Fportal%2Ftiddlers"
2009-09-19 15:56:16,411 DEBUG    overriding GET method to GET
2009-09-19 15:56:16,413 DEBUG    negotiating for accept and extensions ['text/html', 'application/xhtml+xml', 'application/xml', '*/*', '*/*']
2009-09-19 15:56:16,420 INFO     127.0.0.1 - GUEST [19/Sep/2009:15:56:16 ] "GET /challenge/ldap?tiddlyweb_redirect=%2Frecipes%2Fportal%2Ftiddlers HTTP/1.1" 200 - "http://0.0.0.0:8080/recipes/portal" "Mozilla/5.0 (Macintosh; U; Intel Mac OS X 10.5; en-US; rv:1.9.1.3) Gecko/20090824 Firefox/3.5.3"
2009-09-19 15:56:18,727 DEBUG    starting "POST" request with uri "None", script_name "", path_info "/challenge/ldap" and query "tiddlyweb_redirect=%2Frecipes%2Fportal%2Ftiddlers"
2009-09-19 15:56:18,727 DEBUG    overriding POST method to POST
2009-09-19 15:56:18,731 DEBUG    negotiating for content-type application/x-www-form-urlencoded
2009-09-19 15:56:18,746 INFO     127.0.0.1 - GUEST [19/Sep/2009:15:56:18 ] "POST /challenge/ldap?tiddlyweb_redirect=%2Frecipes%2Fportal%2Ftiddlers HTTP/1.1" 303 - "http://0.0.0.0:8080/challenge/ldap?tiddlyweb_redirect=%2Frecipes%2Fportal%2Ftiddlers" "Mozilla/5.0 (Macintosh; U; Intel Mac OS X 10.5; en-US; rv:1.9.1.3) Gecko/20090824 Firefox/3.5.3"
2009-09-19 15:56:18,818 DEBUG    starting "GET" request with uri "None", script_name "", path_info "/recipes/portal-mike/tiddlers" and query ""
2009-09-19 15:56:18,819 DEBUG    overriding GET method to GET
2009-09-19 15:56:18,819 DEBUG    simple_cookie looking at cookie string: tiddlyweb_user="mike:713b9e83b2ff7528259c38f59b29462a7f545f36"
2009-09-19 15:56:18,820 DEBUG    UserExtract:simple_cookie found {'name': u'mike', 'roles': []}
2009-09-19 15:56:18,820 DEBUG    negotiating for accept and extensions ['text/html', 'application/xhtml+xml', 'application/xml', '*/*', '*/*']
2009-09-19 15:56:18,982 INFO     127.0.0.1 - mike [19/Sep/2009:15:56:18 ] "GET /recipes/portal-mike/tiddlers HTTP/1.1" 200 - "http://0.0.0.0:8080/challenge/ldap?tiddlyweb_redirect=%2Frecipes%2Fportal%2Ftiddlers" "Mozilla/5.0 (Macintosh; U; Intel Mac OS X 10.5; en-US; rv:1.9.1.3) Gecko/20090824 Firefox/3.5.3"
2009-09-19 15:56:21,527 DEBUG    starting "GET" request with uri "None", script_name "", path_info "/recipes/portal-mike/tiddlers.wiki" and query ""
2009-09-19 15:56:21,529 DEBUG    overriding GET method to GET
2009-09-19 15:56:21,529 DEBUG    simple_cookie looking at cookie string: tiddlyweb_user="mike:713b9e83b2ff7528259c38f59b29462a7f545f36"
2009-09-19 15:56:21,530 DEBUG    UserExtract:simple_cookie found {'name': u'mike', 'roles': []}
2009-09-19 15:56:21,530 DEBUG    negotiating for accept and extensions ['text/x-tiddlywiki', 'text/html', 'application/xhtml+xml', 'application/xml', '*/*', '*/*']
2009-09-19 15:56:22,449 INFO     127.0.0.1 - mike [19/Sep/2009:15:56:22 ] "GET /recipes/portal-mike/tiddlers.wiki HTTP/1.1" 200 - "http://0.0.0.0:8080/recipes/portal-mike/tiddlers" "Mozilla/5.0 (Macintosh; U; Intel Mac OS X 10.5; en-US; rv:1.9.1.3) Gecko/20090824 Firefox/3.5.3"
2009-09-19 16:02:55,670 DEBUG    TiddlyWeb starting up as /usr/local/bin/twanager
2009-09-19 16:02:55,670 DEBUG    running command server with [u'tiddlyguv.dev', u'9090']
2009-09-19 16:02:55,912 DEBUG    attempt to import system plugin methodhack
2009-09-19 16:02:55,913 DEBUG    attempt to import system plugin tiddlywebwiki
2009-09-19 16:02:56,123 DEBUG    attempt to import system plugin atomplugin
2009-09-19 16:02:56,124 DEBUG    wrapping app with <class 'tiddlyweb.web.negotiate.Negotiate'>
2009-09-19 16:02:56,124 DEBUG    wrapping app with <class 'tiddlyweb.web.wsgi.Header'>
2009-09-19 16:02:56,124 DEBUG    wrapping app with <class 'tiddlyweb.web.extractor.UserExtract'>
2009-09-19 16:02:56,124 DEBUG    wrapping app with <class 'tiddlyweb.web.wsgi.StoreSet'>
2009-09-19 16:02:56,124 DEBUG    wrapping app with <class 'tiddlyweb.web.query.Query'>
2009-09-19 16:02:56,125 DEBUG    wrapping app with <class 'methodhack.MethodHack'>
2009-09-19 16:02:56,125 DEBUG    wrapping app with <class 'tiddlyweb.web.serve.Environator'>
2009-09-19 16:02:56,125 DEBUG    wrapping app with <class 'tiddlyweb.web.serve.Configurator'>
2009-09-19 16:02:56,125 DEBUG    wrapping app with <class 'tiddlyweb.web.wsgi.HTMLPresenter'>
2009-09-19 16:02:56,125 DEBUG    wrapping app with <class 'tiddlyweb.web.wsgi.PermissionsExceptor'>
2009-09-19 16:02:56,125 DEBUG    wrapping app with <class 'tiddlyweb.web.http.HTTPExceptor'>
2009-09-19 16:02:56,125 DEBUG    wrapping app with <class 'tiddlyweb.web.wsgi.EncodeUTF8'>
2009-09-19 16:02:56,125 DEBUG    wrapping app with <class 'tiddlyweb.web.wsgi.SimpleLog'>
2009-09-19 16:02:56,126 DEBUG    starting cherrypy at tiddlyguv.dev:9090
2009-09-19 16:02:56,367 DEBUG    starting "GET" request with uri "None", script_name "", path_info "/" and query ""
2009-09-19 16:02:56,372 DEBUG    overriding GET method to GET
2009-09-19 16:02:56,377 DEBUG    simple_cookie looking at cookie string: txtMainTab=Timeline; chkBackstage=true; chkSliderOptionsPanel=false
2009-09-19 16:02:56,377 DEBUG    negotiating for accept and extensions ['text/html', 'application/xhtml+xml', 'application/xml', '*/*', '*/*']
2009-09-19 16:02:56,381 INFO     ::1 - GUEST [19/Sep/2009:16:02:56 ] "GET / HTTP/1.1" 200 - "-" "Mozilla/5.0 (Macintosh; U; Intel Mac OS X 10.5; en-US; rv:1.9.1.3) Gecko/20090824 Firefox/3.5.3"
2009-09-19 16:02:56,552 DEBUG    starting "GET" request with uri "None", script_name "", path_info "/favicon.ico" and query ""
2009-09-19 16:02:56,552 DEBUG    overriding GET method to GET
2009-09-19 16:02:56,553 DEBUG    simple_cookie looking at cookie string: txtMainTab=Timeline; chkBackstage=true; chkSliderOptionsPanel=false
2009-09-19 16:02:56,553 DEBUG    negotiating for accept and extensions ['image/png', 'image/*', '*/*', '*/*']
2009-09-19 16:02:56,553 INFO     ::1 - GUEST [19/Sep/2009:16:02:56 ] "GET /favicon.ico HTTP/1.1" 404 - "-" "Mozilla/5.0 (Macintosh; U; Intel Mac OS X 10.5; en-US; rv:1.9.1.3) Gecko/20090824 Firefox/3.5.3"
2009-09-19 16:02:57,081 DEBUG    starting "GET" request with uri "None", script_name "", path_info "/favicon.ico" and query ""
2009-09-19 16:02:57,081 DEBUG    overriding GET method to GET
2009-09-19 16:02:57,081 DEBUG    simple_cookie looking at cookie string: txtMainTab=Timeline; chkBackstage=true; chkSliderOptionsPanel=false
2009-09-19 16:02:57,081 DEBUG    negotiating for accept and extensions ['text/html', 'application/xhtml+xml', 'application/xml', '*/*', '*/*']
2009-09-19 16:02:57,081 INFO     ::1 - GUEST [19/Sep/2009:16:02:57 ] "GET /favicon.ico HTTP/1.1" 404 - "-" "Mozilla/5.0 (Macintosh; U; Intel Mac OS X 10.5; en-US; rv:1.9.1.3) Gecko/20090824 Firefox/3.5.3"
2009-09-19 16:02:58,963 DEBUG    starting "GET" request with uri "None", script_name "", path_info "/recipes" and query ""
2009-09-19 16:02:58,963 DEBUG    overriding GET method to GET
2009-09-19 16:02:58,964 DEBUG    simple_cookie looking at cookie string: txtMainTab=Timeline; chkBackstage=true; chkSliderOptionsPanel=false
2009-09-19 16:02:58,965 DEBUG    negotiating for accept and extensions ['text/html', 'application/xhtml+xml', 'application/xml', '*/*', '*/*']
2009-09-19 16:02:58,967 INFO     ::1 - GUEST [19/Sep/2009:16:02:58 ] "GET /recipes HTTP/1.1" 200 - "http://tiddlyguv.dev:9090/" "Mozilla/5.0 (Macintosh; U; Intel Mac OS X 10.5; en-US; rv:1.9.1.3) Gecko/20090824 Firefox/3.5.3"
2009-09-19 16:02:59,686 DEBUG    starting "GET" request with uri "None", script_name "", path_info "/recipes/portal-mike" and query ""
2009-09-19 16:02:59,687 DEBUG    overriding GET method to GET
2009-09-19 16:02:59,687 DEBUG    simple_cookie looking at cookie string: txtMainTab=Timeline; chkBackstage=true; chkSliderOptionsPanel=false
2009-09-19 16:02:59,687 DEBUG    negotiating for accept and extensions ['text/html', 'application/xhtml+xml', 'application/xml', '*/*', '*/*']
2009-09-19 16:02:59,688 INFO     ::1 - GUEST [19/Sep/2009:16:02:59 ] "GET /recipes/portal-mike HTTP/1.1" 200 - "http://tiddlyguv.dev:9090/recipes" "Mozilla/5.0 (Macintosh; U; Intel Mac OS X 10.5; en-US; rv:1.9.1.3) Gecko/20090824 Firefox/3.5.3"
2009-09-19 16:03:01,086 DEBUG    starting "GET" request with uri "None", script_name "", path_info "/recipes/portal-mike/tiddlers" and query ""
2009-09-19 16:03:01,086 DEBUG    overriding GET method to GET
2009-09-19 16:03:01,087 DEBUG    simple_cookie looking at cookie string: txtMainTab=Timeline; chkBackstage=true; chkSliderOptionsPanel=false
2009-09-19 16:03:01,087 DEBUG    negotiating for accept and extensions ['text/html', 'application/xhtml+xml', 'application/xml', '*/*', '*/*']
2009-09-19 16:03:01,245 INFO     ::1 - GUEST [19/Sep/2009:16:03:01 ] "GET /recipes/portal-mike/tiddlers HTTP/1.1" 302 - "http://tiddlyguv.dev:9090/recipes/portal-mike" "Mozilla/5.0 (Macintosh; U; Intel Mac OS X 10.5; en-US; rv:1.9.1.3) Gecko/20090824 Firefox/3.5.3"
2009-09-19 16:03:01,254 DEBUG    starting "GET" request with uri "None", script_name "", path_info "/challenge" and query "tiddlyweb_redirect=%2Frecipes%2Fportal-mike%2Ftiddlers"
2009-09-19 16:03:01,254 DEBUG    overriding GET method to GET
2009-09-19 16:03:01,254 DEBUG    simple_cookie looking at cookie string: txtMainTab=Timeline; chkBackstage=true; chkSliderOptionsPanel=false
2009-09-19 16:03:01,254 DEBUG    negotiating for accept and extensions ['text/html', 'application/xhtml+xml', 'application/xml', '*/*', '*/*']
2009-09-19 16:03:01,255 INFO     ::1 - GUEST [19/Sep/2009:16:03:01 ] "GET /challenge?tiddlyweb_redirect=%2Frecipes%2Fportal-mike%2Ftiddlers HTTP/1.1" 302 - "http://tiddlyguv.dev:9090/recipes/portal-mike" "Mozilla/5.0 (Macintosh; U; Intel Mac OS X 10.5; en-US; rv:1.9.1.3) Gecko/20090824 Firefox/3.5.3"
2009-09-19 16:03:01,263 DEBUG    starting "GET" request with uri "None", script_name "", path_info "/challenge/ldap" and query "tiddlyweb_redirect=%2Frecipes%2Fportal-mike%2Ftiddlers"
2009-09-19 16:03:01,263 DEBUG    overriding GET method to GET
2009-09-19 16:03:01,263 DEBUG    simple_cookie looking at cookie string: txtMainTab=Timeline; chkBackstage=true; chkSliderOptionsPanel=false
2009-09-19 16:03:01,263 DEBUG    negotiating for accept and extensions ['text/html', 'application/xhtml+xml', 'application/xml', '*/*', '*/*']
2009-09-19 16:03:01,347 INFO     ::1 - GUEST [19/Sep/2009:16:03:01 ] "GET /challenge/ldap?tiddlyweb_redirect=%2Frecipes%2Fportal-mike%2Ftiddlers HTTP/1.1" 200 - "http://tiddlyguv.dev:9090/recipes/portal-mike" "Mozilla/5.0 (Macintosh; U; Intel Mac OS X 10.5; en-US; rv:1.9.1.3) Gecko/20090824 Firefox/3.5.3"
2009-09-19 16:03:06,142 DEBUG    starting "POST" request with uri "None", script_name "", path_info "/challenge/ldap" and query "tiddlyweb_redirect=%2Frecipes%2Fportal-mike%2Ftiddlers"
2009-09-19 16:03:06,142 DEBUG    overriding POST method to POST
2009-09-19 16:03:06,142 DEBUG    simple_cookie looking at cookie string: txtMainTab=Timeline; chkBackstage=true; chkSliderOptionsPanel=false
2009-09-19 16:03:06,142 DEBUG    negotiating for content-type application/x-www-form-urlencoded
2009-09-19 16:03:06,143 INFO     ::1 - GUEST [19/Sep/2009:16:03:06 ] "POST /challenge/ldap?tiddlyweb_redirect=%2Frecipes%2Fportal-mike%2Ftiddlers HTTP/1.1" 303 - "http://tiddlyguv.dev:9090/challenge/ldap?tiddlyweb_redirect=%2Frecipes%2Fportal-mike%2Ftiddlers" "Mozilla/5.0 (Macintosh; U; Intel Mac OS X 10.5; en-US; rv:1.9.1.3) Gecko/20090824 Firefox/3.5.3"
2009-09-19 16:03:06,159 DEBUG    starting "GET" request with uri "None", script_name "", path_info "/recipes/portal-mike/tiddlers" and query ""
2009-09-19 16:03:06,159 DEBUG    overriding GET method to GET
2009-09-19 16:03:06,159 DEBUG    simple_cookie looking at cookie string: txtMainTab=Timeline; chkBackstage=true; chkSliderOptionsPanel=false; tiddlyweb_user="mike:713b9e83b2ff7528259c38f59b29462a7f545f36"
2009-09-19 16:03:06,160 DEBUG    UserExtract:simple_cookie found {'name': u'mike', 'roles': []}
2009-09-19 16:03:06,160 DEBUG    negotiating for accept and extensions ['text/html', 'application/xhtml+xml', 'application/xml', '*/*', '*/*']
2009-09-19 16:03:06,234 INFO     ::1 - mike [19/Sep/2009:16:03:06 ] "GET /recipes/portal-mike/tiddlers HTTP/1.1" 200 - "http://tiddlyguv.dev:9090/challenge/ldap?tiddlyweb_redirect=%2Frecipes%2Fportal-mike%2Ftiddlers" "Mozilla/5.0 (Macintosh; U; Intel Mac OS X 10.5; en-US; rv:1.9.1.3) Gecko/20090824 Firefox/3.5.3"
2009-09-19 16:35:21,790 DEBUG    TiddlyWeb starting up as /usr/local/bin/twanager
2009-09-19 16:35:21,791 DEBUG    running command server with [u'tiddlyguv.dev', u'9090']
2009-09-19 16:35:22,521 DEBUG    attempt to import system plugin methodhack
2009-09-19 16:35:22,521 DEBUG    attempt to import system plugin tiddlywebwiki
2009-09-19 16:35:22,657 DEBUG    attempt to import system plugin atomplugin
2009-09-19 16:35:22,657 DEBUG    wrapping app with <class 'tiddlyweb.web.negotiate.Negotiate'>
2009-09-19 16:35:22,657 DEBUG    wrapping app with <class 'tiddlyweb.web.wsgi.Header'>
2009-09-19 16:35:22,657 DEBUG    wrapping app with <class 'tiddlyweb.web.extractor.UserExtract'>
2009-09-19 16:35:22,657 DEBUG    wrapping app with <class 'tiddlyweb.web.wsgi.StoreSet'>
2009-09-19 16:35:22,658 DEBUG    wrapping app with <class 'tiddlyweb.web.query.Query'>
2009-09-19 16:35:22,658 DEBUG    wrapping app with <class 'methodhack.MethodHack'>
2009-09-19 16:35:22,658 DEBUG    wrapping app with <class 'tiddlyweb.web.serve.Environator'>
2009-09-19 16:35:22,658 DEBUG    wrapping app with <class 'tiddlyweb.web.serve.Configurator'>
2009-09-19 16:35:22,658 DEBUG    wrapping app with <class 'tiddlyweb.web.wsgi.HTMLPresenter'>
2009-09-19 16:35:22,658 DEBUG    wrapping app with <class 'tiddlyweb.web.wsgi.PermissionsExceptor'>
2009-09-19 16:35:22,658 DEBUG    wrapping app with <class 'tiddlyweb.web.http.HTTPExceptor'>
2009-09-19 16:35:22,658 DEBUG    wrapping app with <class 'tiddlyweb.web.wsgi.EncodeUTF8'>
2009-09-19 16:35:22,658 DEBUG    wrapping app with <class 'tiddlyweb.web.wsgi.SimpleLog'>
2009-09-19 16:35:22,659 DEBUG    starting cherrypy at tiddlyguv.dev:9090
2009-09-19 16:35:29,362 DEBUG    starting "GET" request with uri "None", script_name "", path_info "/challenge/ldap" and query "tiddlyweb_redirect=%2Frecipes%2Fportal%2Ftiddlers.wiki"
2009-09-19 16:35:29,362 DEBUG    overriding GET method to GET
2009-09-19 16:35:29,394 DEBUG    simple_cookie looking at cookie string: txtMainTab=Timeline; chkBackstage=true; chkSliderOptionsPanel=false; tiddlyweb_user="mike:713b9e83b2ff7528259c38f59b29462a7f545f36"
2009-09-19 16:35:29,395 DEBUG    UserExtract:simple_cookie found {'name': u'mike', 'roles': []}
2009-09-19 16:35:29,395 DEBUG    negotiating for accept and extensions ['text/html', 'application/xhtml+xml', 'application/xml', '*/*', '*/*']
2009-09-19 16:35:29,396 INFO     ::1 - mike [19/Sep/2009:16:35:29 ] "GET /challenge/ldap?tiddlyweb_redirect=%2Frecipes%2Fportal%2Ftiddlers.wiki HTTP/1.1" 200 - "-" "Mozilla/5.0 (Macintosh; U; Intel Mac OS X 10.5; en-US; rv:1.9.1.3) Gecko/20090824 Firefox/3.5.3"
2009-09-19 16:35:33,051 DEBUG    starting "POST" request with uri "None", script_name "", path_info "/challenge/ldap" and query "tiddlyweb_redirect=%2Frecipes%2Fportal%2Ftiddlers.wiki"
2009-09-19 16:35:33,051 DEBUG    overriding POST method to POST
2009-09-19 16:35:33,051 DEBUG    simple_cookie looking at cookie string: txtMainTab=Timeline; chkBackstage=true; chkSliderOptionsPanel=false; tiddlyweb_user="mike:713b9e83b2ff7528259c38f59b29462a7f545f36"
2009-09-19 16:35:33,056 DEBUG    UserExtract:simple_cookie found {'name': u'mike', 'roles': []}
2009-09-19 16:35:33,056 DEBUG    negotiating for content-type application/x-www-form-urlencoded
2009-09-19 16:35:33,058 INFO     ::1 - mike [19/Sep/2009:16:35:33 ] "POST /challenge/ldap?tiddlyweb_redirect=%2Frecipes%2Fportal%2Ftiddlers.wiki HTTP/1.1" 303 - "http://tiddlyguv.dev:9090/challenge/ldap?tiddlyweb_redirect=%2Frecipes%2Fportal%2Ftiddlers.wiki" "Mozilla/5.0 (Macintosh; U; Intel Mac OS X 10.5; en-US; rv:1.9.1.3) Gecko/20090824 Firefox/3.5.3"
2009-09-19 16:35:33,113 DEBUG    starting "GET" request with uri "None", script_name "", path_info "/recipes/portal-mike/tiddlers.wiki" and query ""
2009-09-19 16:35:33,113 DEBUG    overriding GET method to GET
2009-09-19 16:35:33,113 DEBUG    simple_cookie looking at cookie string: txtMainTab=Timeline; chkBackstage=true; chkSliderOptionsPanel=false; tiddlyweb_user="mike:713b9e83b2ff7528259c38f59b29462a7f545f36"
2009-09-19 16:35:33,114 DEBUG    UserExtract:simple_cookie found {'name': u'mike', 'roles': []}
2009-09-19 16:35:33,114 DEBUG    negotiating for accept and extensions ['text/x-tiddlywiki', 'text/html', 'application/xhtml+xml', 'application/xml', '*/*', '*/*']
2009-09-19 16:35:33,980 INFO     ::1 - mike [19/Sep/2009:16:35:33 ] "GET /recipes/portal-mike/tiddlers.wiki HTTP/1.1" 200 - "http://tiddlyguv.dev:9090/challenge/ldap?tiddlyweb_redirect=%2Frecipes%2Fportal%2Ftiddlers.wiki" "Mozilla/5.0 (Macintosh; U; Intel Mac OS X 10.5; en-US; rv:1.9.1.3) Gecko/20090824 Firefox/3.5.3"
2009-09-19 16:36:22,581 DEBUG    TiddlyWeb starting up as /usr/local/bin/twanager
2009-09-19 16:36:22,582 DEBUG    running command server with [u'tiddlyguv.dev', u'9090']
2009-09-19 16:36:22,786 DEBUG    attempt to import system plugin methodhack
2009-09-19 16:36:22,787 DEBUG    attempt to import system plugin tiddlywebwiki
2009-09-19 16:36:22,904 DEBUG    attempt to import system plugin atomplugin
2009-09-19 16:36:23,099 DEBUG    wrapping app with <class 'tiddlyweb.web.negotiate.Negotiate'>
2009-09-19 16:36:23,099 DEBUG    wrapping app with <class 'tiddlyweb.web.wsgi.Header'>
2009-09-19 16:36:23,099 DEBUG    wrapping app with <class 'tiddlyweb.web.extractor.UserExtract'>
2009-09-19 16:36:23,099 DEBUG    wrapping app with <class 'tiddlyweb.web.wsgi.StoreSet'>
2009-09-19 16:36:23,099 DEBUG    wrapping app with <class 'tiddlyweb.web.query.Query'>
2009-09-19 16:36:23,100 DEBUG    wrapping app with <class 'methodhack.MethodHack'>
2009-09-19 16:36:23,100 DEBUG    wrapping app with <class 'tiddlyweb.web.serve.Environator'>
2009-09-19 16:36:23,100 DEBUG    wrapping app with <class 'tiddlyweb.web.serve.Configurator'>
2009-09-19 16:36:23,100 DEBUG    wrapping app with <class 'tiddlyweb.web.wsgi.HTMLPresenter'>
2009-09-19 16:36:23,100 DEBUG    wrapping app with <class 'tiddlyweb.web.wsgi.PermissionsExceptor'>
2009-09-19 16:36:23,100 DEBUG    wrapping app with <class 'tiddlyweb.web.http.HTTPExceptor'>
2009-09-19 16:36:23,100 DEBUG    wrapping app with <class 'tiddlyweb.web.wsgi.EncodeUTF8'>
2009-09-19 16:36:23,100 DEBUG    wrapping app with <class 'tiddlyweb.web.wsgi.SimpleLog'>
2009-09-19 16:36:23,101 DEBUG    starting cherrypy at tiddlyguv.dev:9090
2009-09-19 16:36:23,277 DEBUG    starting "GET" request with uri "None", script_name "", path_info "/recipes/portal-mike/tiddlers.wiki" and query ""
2009-09-19 16:36:23,277 DEBUG    overriding GET method to GET
2009-09-19 16:36:23,810 DEBUG    simple_cookie looking at cookie string: txtMainTab=Timeline; chkBackstage=true; chkSliderOptionsPanel=false; tiddlyweb_user="mike:713b9e83b2ff7528259c38f59b29462a7f545f36"
2009-09-19 16:36:23,810 DEBUG    UserExtract:simple_cookie found {'name': u'mike', 'roles': []}
2009-09-19 16:36:23,810 DEBUG    negotiating for accept and extensions ['text/x-tiddlywiki', 'text/html', 'application/xhtml+xml', 'application/xml', '*/*', '*/*']
2009-09-19 16:36:23,811 INFO     ::1 - mike [19/Sep/2009:16:36:23 ] "GET /recipes/portal-mike/tiddlers.wiki HTTP/1.1" 404 - "http://tiddlyguv.dev:9090/challenge/ldap?tiddlyweb_redirect=%2Frecipes%2Fportal%2Ftiddlers.wiki" "Mozilla/5.0 (Macintosh; U; Intel Mac OS X 10.5; en-US; rv:1.9.1.3) Gecko/20090824 Firefox/3.5.3"
2009-09-19 16:36:29,826 DEBUG    starting "GET" request with uri "None", script_name "", path_info "/" and query ""
2009-09-19 16:36:29,826 DEBUG    overriding GET method to GET
2009-09-19 16:36:29,826 DEBUG    simple_cookie looking at cookie string: txtMainTab=Timeline; chkBackstage=true; chkSliderOptionsPanel=false; tiddlyweb_user="mike:713b9e83b2ff7528259c38f59b29462a7f545f36"
2009-09-19 16:36:29,827 DEBUG    UserExtract:simple_cookie found {'name': u'mike', 'roles': []}
2009-09-19 16:36:29,827 DEBUG    negotiating for accept and extensions ['text/html', 'application/xhtml+xml', 'application/xml', '*/*', '*/*']
2009-09-19 16:36:29,827 INFO     ::1 - mike [19/Sep/2009:16:36:29 ] "GET / HTTP/1.1" 200 - "-" "Mozilla/5.0 (Macintosh; U; Intel Mac OS X 10.5; en-US; rv:1.9.1.3) Gecko/20090824 Firefox/3.5.3"
2009-09-19 16:36:32,366 DEBUG    starting "GET" request with uri "None", script_name "", path_info "/recipes" and query ""
2009-09-19 16:36:32,366 DEBUG    overriding GET method to GET
2009-09-19 16:36:32,366 DEBUG    simple_cookie looking at cookie string: txtMainTab=Timeline; chkBackstage=true; chkSliderOptionsPanel=false; tiddlyweb_user="mike:713b9e83b2ff7528259c38f59b29462a7f545f36"
2009-09-19 16:36:32,367 DEBUG    UserExtract:simple_cookie found {'name': u'mike', 'roles': []}
2009-09-19 16:36:32,367 DEBUG    negotiating for accept and extensions ['text/html', 'application/xhtml+xml', 'application/xml', '*/*', '*/*']
2009-09-19 16:36:32,367 INFO     ::1 - mike [19/Sep/2009:16:36:32 ] "GET /recipes HTTP/1.1" 200 - "http://tiddlyguv.dev:9090/" "Mozilla/5.0 (Macintosh; U; Intel Mac OS X 10.5; en-US; rv:1.9.1.3) Gecko/20090824 Firefox/3.5.3"
2009-09-19 16:36:33,157 DEBUG    starting "GET" request with uri "None", script_name "", path_info "/recipes/portal" and query ""
2009-09-19 16:36:33,157 DEBUG    overriding GET method to GET
2009-09-19 16:36:33,157 DEBUG    simple_cookie looking at cookie string: txtMainTab=Timeline; chkBackstage=true; chkSliderOptionsPanel=false; tiddlyweb_user="mike:713b9e83b2ff7528259c38f59b29462a7f545f36"
2009-09-19 16:36:33,158 DEBUG    UserExtract:simple_cookie found {'name': u'mike', 'roles': []}
2009-09-19 16:36:33,158 DEBUG    negotiating for accept and extensions ['text/html', 'application/xhtml+xml', 'application/xml', '*/*', '*/*']
2009-09-19 16:36:33,159 INFO     ::1 - mike [19/Sep/2009:16:36:33 ] "GET /recipes/portal HTTP/1.1" 200 - "http://tiddlyguv.dev:9090/recipes" "Mozilla/5.0 (Macintosh; U; Intel Mac OS X 10.5; en-US; rv:1.9.1.3) Gecko/20090824 Firefox/3.5.3"
2009-09-19 16:36:35,145 DEBUG    starting "GET" request with uri "None", script_name "", path_info "/recipes/portal/tiddlers" and query ""
2009-09-19 16:36:35,145 DEBUG    overriding GET method to GET
2009-09-19 16:36:35,145 DEBUG    simple_cookie looking at cookie string: txtMainTab=Timeline; chkBackstage=true; chkSliderOptionsPanel=false; tiddlyweb_user="mike:713b9e83b2ff7528259c38f59b29462a7f545f36"
2009-09-19 16:36:35,146 DEBUG    UserExtract:simple_cookie found {'name': u'mike', 'roles': []}
2009-09-19 16:36:35,147 DEBUG    negotiating for accept and extensions ['text/html', 'application/xhtml+xml', 'application/xml', '*/*', '*/*']
2009-09-19 16:36:35,224 INFO     ::1 - mike [19/Sep/2009:16:36:35 ] "GET /recipes/portal/tiddlers HTTP/1.1" 200 - "http://tiddlyguv.dev:9090/recipes/portal" "Mozilla/5.0 (Macintosh; U; Intel Mac OS X 10.5; en-US; rv:1.9.1.3) Gecko/20090824 Firefox/3.5.3"
2009-09-19 16:36:36,436 DEBUG    starting "GET" request with uri "None", script_name "", path_info "/recipes/portal/tiddlers.wiki" and query ""
2009-09-19 16:36:36,437 DEBUG    overriding GET method to GET
2009-09-19 16:36:36,437 DEBUG    simple_cookie looking at cookie string: txtMainTab=Timeline; chkBackstage=true; chkSliderOptionsPanel=false; tiddlyweb_user="mike:713b9e83b2ff7528259c38f59b29462a7f545f36"
2009-09-19 16:36:36,437 DEBUG    UserExtract:simple_cookie found {'name': u'mike', 'roles': []}
2009-09-19 16:36:36,438 DEBUG    negotiating for accept and extensions ['text/x-tiddlywiki', 'text/html', 'application/xhtml+xml', 'application/xml', '*/*', '*/*']
2009-09-19 16:36:36,675 INFO     ::1 - mike [19/Sep/2009:16:36:36 ] "GET /recipes/portal/tiddlers.wiki HTTP/1.1" 200 - "http://tiddlyguv.dev:9090/recipes/portal/tiddlers" "Mozilla/5.0 (Macintosh; U; Intel Mac OS X 10.5; en-US; rv:1.9.1.3) Gecko/20090824 Firefox/3.5.3"
2009-09-21 21:41:31,297 DEBUG    starting "GET" request with uri "None", script_name "", path_info "/" and query ""
2009-09-21 21:41:31,591 DEBUG    overriding GET method to GET
2009-09-21 21:41:31,697 DEBUG    simple_cookie looking at cookie string: txtMainTab=Timeline; chkBackstage=true; chkSliderOptionsPanel=false
2009-09-21 21:41:31,776 DEBUG    negotiating for accept and extensions ['text/html', 'application/xhtml+xml', 'application/xml', '*/*', '*/*']
2009-09-21 21:41:31,844 INFO     ::1 - GUEST [21/Sep/2009:21:41:31 ] "GET / HTTP/1.1" 200 - "-" "Mozilla/5.0 (Macintosh; U; Intel Mac OS X 10.5; en-US; rv:1.9.1.3) Gecko/20090824 Firefox/3.5.3"
2009-09-21 21:41:31,996 DEBUG    starting "GET" request with uri "None", script_name "", path_info "/favicon.ico" and query ""
2009-09-21 21:41:32,001 DEBUG    overriding GET method to GET
2009-09-21 21:41:32,002 DEBUG    simple_cookie looking at cookie string: txtMainTab=Timeline; chkBackstage=true; chkSliderOptionsPanel=false
2009-09-21 21:41:32,002 DEBUG    negotiating for accept and extensions ['image/png', 'image/*', '*/*', '*/*']
2009-09-21 21:41:32,004 INFO     ::1 - GUEST [21/Sep/2009:21:41:32 ] "GET /favicon.ico HTTP/1.1" 404 - "-" "Mozilla/5.0 (Macintosh; U; Intel Mac OS X 10.5; en-US; rv:1.9.1.3) Gecko/20090824 Firefox/3.5.3"
2009-09-21 21:41:34,903 DEBUG    starting "GET" request with uri "None", script_name "", path_info "/favicon.ico" and query ""
2009-09-21 21:41:34,904 DEBUG    overriding GET method to GET
2009-09-21 21:41:34,904 DEBUG    simple_cookie looking at cookie string: txtMainTab=Timeline; chkBackstage=true; chkSliderOptionsPanel=false
2009-09-21 21:41:34,904 DEBUG    negotiating for accept and extensions ['text/html', 'application/xhtml+xml', 'application/xml', '*/*', '*/*']
2009-09-21 21:41:34,905 INFO     ::1 - GUEST [21/Sep/2009:21:41:34 ] "GET /favicon.ico HTTP/1.1" 404 - "-" "Mozilla/5.0 (Macintosh; U; Intel Mac OS X 10.5; en-US; rv:1.9.1.3) Gecko/20090824 Firefox/3.5.3"
2009-09-21 21:42:39,882 DEBUG    TiddlyWeb starting up as /usr/local/bin/twanager
2009-09-21 21:42:39,884 DEBUG    running command server with [u'tiddlyguv.dev', u'9090']
2009-09-21 21:42:47,152 DEBUG    TiddlyWeb starting up as /usr/local/bin/twanager
2009-09-21 21:42:47,153 DEBUG    running command server with [u'tiddlyguv.dev', u'9090']
2009-09-21 21:42:48,318 DEBUG    attempt to import system plugin methodhack
2009-09-21 21:42:48,320 DEBUG    attempt to import system plugin tiddlywebwiki
2009-09-21 21:42:48,409 DEBUG    attempt to import system plugin atomplugin
2009-09-21 21:42:48,410 DEBUG    wrapping app with <class 'tiddlyweb.web.negotiate.Negotiate'>
2009-09-21 21:42:48,410 DEBUG    wrapping app with <class 'tiddlyweb.web.wsgi.Header'>
2009-09-21 21:42:48,410 DEBUG    wrapping app with <class 'tiddlyweb.web.extractor.UserExtract'>
2009-09-21 21:42:48,410 DEBUG    wrapping app with <class 'tiddlyweb.web.wsgi.StoreSet'>
2009-09-21 21:42:48,410 DEBUG    wrapping app with <class 'tiddlyweb.web.query.Query'>
2009-09-21 21:42:48,411 DEBUG    wrapping app with <class 'methodhack.MethodHack'>
2009-09-21 21:42:48,411 DEBUG    wrapping app with <class 'tiddlyweb.web.serve.Environator'>
2009-09-21 21:42:48,411 DEBUG    wrapping app with <class 'tiddlyweb.web.serve.Configurator'>
2009-09-21 21:42:48,411 DEBUG    wrapping app with <class 'tiddlyweb.web.wsgi.HTMLPresenter'>
2009-09-21 21:42:48,411 DEBUG    wrapping app with <class 'tiddlyweb.web.wsgi.PermissionsExceptor'>
2009-09-21 21:42:48,411 DEBUG    wrapping app with <class 'tiddlyweb.web.http.HTTPExceptor'>
2009-09-21 21:42:48,411 DEBUG    wrapping app with <class 'tiddlyweb.web.wsgi.EncodeUTF8'>
2009-09-21 21:42:48,411 DEBUG    wrapping app with <class 'tiddlyweb.web.wsgi.SimpleLog'>
2009-09-21 21:42:48,412 DEBUG    starting cherrypy at tiddlyguv.dev:9090
2009-09-21 21:42:50,315 DEBUG    starting "GET" request with uri "None", script_name "", path_info "/" and query ""
2009-09-21 21:42:50,316 DEBUG    overriding GET method to GET
2009-09-21 21:42:50,358 DEBUG    simple_cookie looking at cookie string: txtMainTab=Timeline; chkBackstage=true; chkSliderOptionsPanel=false
2009-09-21 21:42:50,358 DEBUG    negotiating for accept and extensions ['text/html', 'application/xhtml+xml', 'application/xml', '*/*', '*/*']
2009-09-21 21:42:50,359 INFO     ::1 - GUEST [21/Sep/2009:21:42:50 ] "GET / HTTP/1.1" 200 - "-" "Mozilla/5.0 (Macintosh; U; Intel Mac OS X 10.5; en-US; rv:1.9.1.3) Gecko/20090824 Firefox/3.5.3"
2009-09-21 21:42:52,054 DEBUG    starting "GET" request with uri "None", script_name "", path_info "/recipes" and query ""
2009-09-21 21:42:52,054 DEBUG    overriding GET method to GET
2009-09-21 21:42:52,055 DEBUG    simple_cookie looking at cookie string: txtMainTab=Timeline; chkBackstage=true; chkSliderOptionsPanel=false
2009-09-21 21:42:52,055 DEBUG    negotiating for accept and extensions ['text/html', 'application/xhtml+xml', 'application/xml', '*/*', '*/*']
2009-09-21 21:42:52,093 INFO     ::1 - GUEST [21/Sep/2009:21:42:52 ] "GET /recipes HTTP/1.1" 200 - "http://tiddlyguv.dev:9090/" "Mozilla/5.0 (Macintosh; U; Intel Mac OS X 10.5; en-US; rv:1.9.1.3) Gecko/20090824 Firefox/3.5.3"
2009-09-21 21:42:53,387 DEBUG    starting "GET" request with uri "None", script_name "", path_info "/recipes/portal" and query ""
2009-09-21 21:42:53,387 DEBUG    overriding GET method to GET
2009-09-21 21:42:53,388 DEBUG    simple_cookie looking at cookie string: txtMainTab=Timeline; chkBackstage=true; chkSliderOptionsPanel=false
2009-09-21 21:42:53,388 DEBUG    negotiating for accept and extensions ['text/html', 'application/xhtml+xml', 'application/xml', '*/*', '*/*']
2009-09-21 21:42:53,388 INFO     ::1 - GUEST [21/Sep/2009:21:42:53 ] "GET /recipes/portal HTTP/1.1" 200 - "http://tiddlyguv.dev:9090/recipes" "Mozilla/5.0 (Macintosh; U; Intel Mac OS X 10.5; en-US; rv:1.9.1.3) Gecko/20090824 Firefox/3.5.3"
2009-09-21 21:42:54,858 DEBUG    starting "GET" request with uri "None", script_name "", path_info "/recipes/portal/tiddlers" and query ""
2009-09-21 21:42:54,858 DEBUG    overriding GET method to GET
2009-09-21 21:42:54,858 DEBUG    simple_cookie looking at cookie string: txtMainTab=Timeline; chkBackstage=true; chkSliderOptionsPanel=false
2009-09-21 21:42:54,859 DEBUG    negotiating for accept and extensions ['text/html', 'application/xhtml+xml', 'application/xml', '*/*', '*/*']
2009-09-21 21:42:55,142 INFO     ::1 - GUEST [21/Sep/2009:21:42:55 ] "GET /recipes/portal/tiddlers HTTP/1.1" 302 - "http://tiddlyguv.dev:9090/recipes/portal" "Mozilla/5.0 (Macintosh; U; Intel Mac OS X 10.5; en-US; rv:1.9.1.3) Gecko/20090824 Firefox/3.5.3"
2009-09-21 21:42:55,148 DEBUG    starting "GET" request with uri "None", script_name "", path_info "/challenge" and query "tiddlyweb_redirect=%2Frecipes%2Fportal%2Ftiddlers"
2009-09-21 21:42:55,148 DEBUG    overriding GET method to GET
2009-09-21 21:42:55,149 DEBUG    simple_cookie looking at cookie string: txtMainTab=Timeline; chkBackstage=true; chkSliderOptionsPanel=false
2009-09-21 21:42:55,149 DEBUG    negotiating for accept and extensions ['text/html', 'application/xhtml+xml', 'application/xml', '*/*', '*/*']
2009-09-21 21:42:55,149 INFO     ::1 - GUEST [21/Sep/2009:21:42:55 ] "GET /challenge?tiddlyweb_redirect=%2Frecipes%2Fportal%2Ftiddlers HTTP/1.1" 302 - "http://tiddlyguv.dev:9090/recipes/portal" "Mozilla/5.0 (Macintosh; U; Intel Mac OS X 10.5; en-US; rv:1.9.1.3) Gecko/20090824 Firefox/3.5.3"
2009-09-21 21:42:55,155 DEBUG    starting "GET" request with uri "None", script_name "", path_info "/challenge/ldap" and query "tiddlyweb_redirect=%2Frecipes%2Fportal%2Ftiddlers"
2009-09-21 21:42:55,155 DEBUG    overriding GET method to GET
2009-09-21 21:42:55,156 DEBUG    simple_cookie looking at cookie string: txtMainTab=Timeline; chkBackstage=true; chkSliderOptionsPanel=false
2009-09-21 21:42:55,157 DEBUG    negotiating for accept and extensions ['text/html', 'application/xhtml+xml', 'application/xml', '*/*', '*/*']
2009-09-21 21:42:55,171 INFO     ::1 - GUEST [21/Sep/2009:21:42:55 ] "GET /challenge/ldap?tiddlyweb_redirect=%2Frecipes%2Fportal%2Ftiddlers HTTP/1.1" 200 - "http://tiddlyguv.dev:9090/recipes/portal" "Mozilla/5.0 (Macintosh; U; Intel Mac OS X 10.5; en-US; rv:1.9.1.3) Gecko/20090824 Firefox/3.5.3"
2009-09-21 21:42:58,640 DEBUG    starting "POST" request with uri "None", script_name "", path_info "/challenge/ldap" and query "tiddlyweb_redirect=%2Frecipes%2Fportal%2Ftiddlers"
2009-09-21 21:42:58,640 DEBUG    overriding POST method to POST
2009-09-21 21:42:58,641 DEBUG    simple_cookie looking at cookie string: txtMainTab=Timeline; chkBackstage=true; chkSliderOptionsPanel=false
2009-09-21 21:42:58,642 DEBUG    negotiating for content-type application/x-www-form-urlencoded
2009-09-21 21:42:58,662 INFO     ::1 - GUEST [21/Sep/2009:21:42:58 ] "POST /challenge/ldap?tiddlyweb_redirect=%2Frecipes%2Fportal%2Ftiddlers HTTP/1.1" 303 - "http://tiddlyguv.dev:9090/challenge/ldap?tiddlyweb_redirect=%2Frecipes%2Fportal%2Ftiddlers" "Mozilla/5.0 (Macintosh; U; Intel Mac OS X 10.5; en-US; rv:1.9.1.3) Gecko/20090824 Firefox/3.5.3"
2009-09-21 21:42:58,714 DEBUG    starting "GET" request with uri "None", script_name "", path_info "/recipes/portal-mike/tiddlers" and query ""
2009-09-21 21:42:58,714 DEBUG    overriding GET method to GET
2009-09-21 21:42:58,715 DEBUG    simple_cookie looking at cookie string: txtMainTab=Timeline; chkBackstage=true; chkSliderOptionsPanel=false; tiddlyweb_user="mike:713b9e83b2ff7528259c38f59b29462a7f545f36"
2009-09-21 21:42:58,716 DEBUG    UserExtract:simple_cookie found {'name': u'mike', 'roles': []}
2009-09-21 21:42:58,716 DEBUG    negotiating for accept and extensions ['text/html', 'application/xhtml+xml', 'application/xml', '*/*', '*/*']
2009-09-21 21:42:58,876 INFO     ::1 - mike [21/Sep/2009:21:42:58 ] "GET /recipes/portal-mike/tiddlers HTTP/1.1" 200 - "http://tiddlyguv.dev:9090/challenge/ldap?tiddlyweb_redirect=%2Frecipes%2Fportal%2Ftiddlers" "Mozilla/5.0 (Macintosh; U; Intel Mac OS X 10.5; en-US; rv:1.9.1.3) Gecko/20090824 Firefox/3.5.3"
2009-09-21 21:43:01,161 DEBUG    starting "GET" request with uri "None", script_name "", path_info "/recipes/portal-mike/tiddlers.wiki" and query ""
2009-09-21 21:43:01,161 DEBUG    overriding GET method to GET
2009-09-21 21:43:01,161 DEBUG    simple_cookie looking at cookie string: txtMainTab=Timeline; chkBackstage=true; chkSliderOptionsPanel=false; tiddlyweb_user="mike:713b9e83b2ff7528259c38f59b29462a7f545f36"
2009-09-21 21:43:01,162 DEBUG    UserExtract:simple_cookie found {'name': u'mike', 'roles': []}
2009-09-21 21:43:01,162 DEBUG    negotiating for accept and extensions ['text/x-tiddlywiki', 'text/html', 'application/xhtml+xml', 'application/xml', '*/*', '*/*']
2009-09-21 21:43:02,525 INFO     ::1 - mike [21/Sep/2009:21:43:02 ] "GET /recipes/portal-mike/tiddlers.wiki HTTP/1.1" 200 - "http://tiddlyguv.dev:9090/recipes/portal-mike/tiddlers" "Mozilla/5.0 (Macintosh; U; Intel Mac OS X 10.5; en-US; rv:1.9.1.3) Gecko/20090824 Firefox/3.5.3"
2009-09-21 21:43:25,592 DEBUG    starting "GET" request with uri "None", script_name "", path_info "/recipes/portal-mike/tiddlers.wiki" and query ""
2009-09-21 21:43:25,592 DEBUG    overriding GET method to GET
2009-09-21 21:43:25,592 DEBUG    simple_cookie looking at cookie string: txtMainTab=Timeline; chkBackstage=true; chkSliderOptionsPanel=false; tiddlyweb_user="mike:713b9e83b2ff7528259c38f59b29462a7f545f36"
2009-09-21 21:43:25,605 DEBUG    UserExtract:simple_cookie found {'name': u'mike', 'roles': []}
2009-09-21 21:43:25,605 DEBUG    negotiating for accept and extensions ['text/x-tiddlywiki', 'text/html', 'application/xhtml+xml', 'application/xml', '*/*', '*/*']
2009-09-21 21:43:25,706 INFO     ::1 - mike [21/Sep/2009:21:43:25 ] "GET /recipes/portal-mike/tiddlers.wiki HTTP/1.1" 200 - "http://tiddlyguv.dev:9090/recipes/portal-mike/tiddlers" "Mozilla/5.0 (Macintosh; U; Intel Mac OS X 10.5; en-US; rv:1.9.1.3) Gecko/20090824 Firefox/3.5.3"
2009-09-21 23:32:10,339 DEBUG    TiddlyWeb starting up as /usr/local/bin/twanager
2009-09-21 23:32:10,355 DEBUG    running command server with [u'tiddlyguv.dev', u'9090']
2009-09-21 23:32:11,121 DEBUG    attempt to import system plugin methodhack
2009-09-21 23:32:11,124 DEBUG    attempt to import system plugin tiddlywebwiki
2009-09-21 23:32:11,232 DEBUG    attempt to import system plugin atomplugin
2009-09-21 23:32:11,235 DEBUG    wrapping app with <class 'tiddlyweb.web.negotiate.Negotiate'>
2009-09-21 23:32:11,236 DEBUG    wrapping app with <class 'tiddlyweb.web.wsgi.Header'>
2009-09-21 23:32:11,236 DEBUG    wrapping app with <class 'tiddlyweb.web.extractor.UserExtract'>
2009-09-21 23:32:11,236 DEBUG    wrapping app with <class 'tiddlyweb.web.wsgi.StoreSet'>
2009-09-21 23:32:11,236 DEBUG    wrapping app with <class 'tiddlyweb.web.query.Query'>
2009-09-21 23:32:11,237 DEBUG    wrapping app with <class 'methodhack.MethodHack'>
2009-09-21 23:32:11,237 DEBUG    wrapping app with <class 'tiddlyweb.web.serve.Environator'>
2009-09-21 23:32:11,237 DEBUG    wrapping app with <class 'tiddlyweb.web.serve.Configurator'>
2009-09-21 23:32:11,237 DEBUG    wrapping app with <class 'tiddlyweb.web.wsgi.HTMLPresenter'>
2009-09-21 23:32:11,237 DEBUG    wrapping app with <class 'tiddlyweb.web.wsgi.PermissionsExceptor'>
2009-09-21 23:32:11,237 DEBUG    wrapping app with <class 'tiddlyweb.web.http.HTTPExceptor'>
2009-09-21 23:32:11,237 DEBUG    wrapping app with <class 'tiddlyweb.web.wsgi.EncodeUTF8'>
2009-09-21 23:32:11,237 DEBUG    wrapping app with <class 'tiddlyweb.web.wsgi.SimpleLog'>
2009-09-21 23:32:11,237 DEBUG    starting cherrypy at tiddlyguv.dev:9090
2009-09-21 23:32:12,779 DEBUG    starting "GET" request with uri "None", script_name "", path_info "/recipes/portal-mike/tiddlers.wiki" and query ""
2009-09-21 23:32:12,781 DEBUG    overriding GET method to GET
2009-09-21 23:32:12,796 DEBUG    simple_cookie looking at cookie string: txtMainTab=Timeline; chkBackstage=true; chkSliderOptionsPanel=false; tiddlyweb_user="mike:713b9e83b2ff7528259c38f59b29462a7f545f36"
2009-09-21 23:32:12,797 DEBUG    UserExtract:simple_cookie found {'name': u'mike', 'roles': []}
2009-09-21 23:32:12,797 DEBUG    negotiating for accept and extensions ['text/x-tiddlywiki', 'text/html', 'application/xhtml+xml', 'application/xml', '*/*', '*/*']
2009-09-21 23:32:12,799 INFO     ::1 - mike [21/Sep/2009:23:32:12 ] "GET /recipes/portal-mike/tiddlers.wiki HTTP/1.1" 404 - "-" "Mozilla/5.0 (Macintosh; U; Intel Mac OS X 10.5; en-US; rv:1.9.1.3) Gecko/20090824 Firefox/3.5.3"
2009-09-21 23:32:14,308 DEBUG    starting "GET" request with uri "None", script_name "", path_info "/recipes/portal-mike/tiddlers.wiki" and query ""
2009-09-21 23:32:14,309 DEBUG    overriding GET method to GET
2009-09-21 23:32:14,310 DEBUG    simple_cookie looking at cookie string: txtMainTab=Timeline; chkBackstage=true; chkSliderOptionsPanel=false; tiddlyweb_user="mike:713b9e83b2ff7528259c38f59b29462a7f545f36"
2009-09-21 23:32:14,321 DEBUG    UserExtract:simple_cookie found {'name': u'mike', 'roles': []}
2009-09-21 23:32:14,323 DEBUG    negotiating for accept and extensions ['text/x-tiddlywiki', 'text/html', 'application/xhtml+xml', 'application/xml', '*/*', '*/*']
2009-09-21 23:32:14,326 INFO     ::1 - mike [21/Sep/2009:23:32:14 ] "GET /recipes/portal-mike/tiddlers.wiki HTTP/1.1" 404 - "-" "Mozilla/5.0 (Macintosh; U; Intel Mac OS X 10.5; en-US; rv:1.9.1.3) Gecko/20090824 Firefox/3.5.3"
2009-09-21 23:32:32,400 DEBUG    starting "GET" request with uri "None", script_name "", path_info "/challenge/ldap" and query "tiddlyweb_redirect=%2Frecipes%2Fportal%2Ftiddlers.wiki"
2009-09-21 23:32:32,400 DEBUG    overriding GET method to GET
2009-09-21 23:32:32,400 DEBUG    simple_cookie looking at cookie string: txtMainTab=Timeline; chkBackstage=true; chkSliderOptionsPanel=false; tiddlyweb_user="mike:713b9e83b2ff7528259c38f59b29462a7f545f36"
2009-09-21 23:32:32,407 DEBUG    UserExtract:simple_cookie found {'name': u'mike', 'roles': []}
2009-09-21 23:32:32,407 DEBUG    negotiating for accept and extensions ['text/html', 'application/xhtml+xml', 'application/xml', '*/*', '*/*']
2009-09-21 23:32:32,433 INFO     ::1 - mike [21/Sep/2009:23:32:32 ] "GET /challenge/ldap?tiddlyweb_redirect=%2Frecipes%2Fportal%2Ftiddlers.wiki HTTP/1.1" 200 - "-" "Mozilla/5.0 (Macintosh; U; Intel Mac OS X 10.5; en-US; rv:1.9.1.3) Gecko/20090824 Firefox/3.5.3"
2009-09-21 23:32:36,503 DEBUG    starting "POST" request with uri "None", script_name "", path_info "/challenge/ldap" and query "tiddlyweb_redirect=%2Frecipes%2Fportal%2Ftiddlers.wiki"
2009-09-21 23:32:36,504 DEBUG    overriding POST method to POST
2009-09-21 23:32:36,504 DEBUG    simple_cookie looking at cookie string: txtMainTab=Timeline; chkBackstage=true; chkSliderOptionsPanel=false; tiddlyweb_user="mike:713b9e83b2ff7528259c38f59b29462a7f545f36"
2009-09-21 23:32:36,505 DEBUG    UserExtract:simple_cookie found {'name': u'mike', 'roles': []}
2009-09-21 23:32:36,505 DEBUG    negotiating for content-type application/x-www-form-urlencoded
2009-09-21 23:32:36,506 INFO     ::1 - mike [21/Sep/2009:23:32:36 ] "POST /challenge/ldap?tiddlyweb_redirect=%2Frecipes%2Fportal%2Ftiddlers.wiki HTTP/1.1" 303 - "http://tiddlyguv.dev:9090/challenge/ldap?tiddlyweb_redirect=%2Frecipes%2Fportal%2Ftiddlers.wiki" "Mozilla/5.0 (Macintosh; U; Intel Mac OS X 10.5; en-US; rv:1.9.1.3) Gecko/20090824 Firefox/3.5.3"
2009-09-21 23:32:36,621 DEBUG    starting "GET" request with uri "None", script_name "", path_info "/recipes/portal-mike/tiddlers.wiki" and query ""
2009-09-21 23:32:36,621 DEBUG    overriding GET method to GET
2009-09-21 23:32:36,621 DEBUG    simple_cookie looking at cookie string: txtMainTab=Timeline; chkBackstage=true; chkSliderOptionsPanel=false; tiddlyweb_user="mike:713b9e83b2ff7528259c38f59b29462a7f545f36"
2009-09-21 23:32:36,622 DEBUG    UserExtract:simple_cookie found {'name': u'mike', 'roles': []}
2009-09-21 23:32:36,622 DEBUG    negotiating for accept and extensions ['text/x-tiddlywiki', 'text/html', 'application/xhtml+xml', 'application/xml', '*/*', '*/*']
2009-09-21 23:32:37,651 INFO     ::1 - mike [21/Sep/2009:23:32:37 ] "GET /recipes/portal-mike/tiddlers.wiki HTTP/1.1" 200 - "http://tiddlyguv.dev:9090/challenge/ldap?tiddlyweb_redirect=%2Frecipes%2Fportal%2Ftiddlers.wiki" "Mozilla/5.0 (Macintosh; U; Intel Mac OS X 10.5; en-US; rv:1.9.1.3) Gecko/20090824 Firefox/3.5.3"
2009-09-21 23:32:48,114 DEBUG    starting "PUT" request with uri "None", script_name "", path_info "/bags/private-mike/tiddlers/apache 2" and query ""
2009-09-21 23:32:48,114 DEBUG    simple_cookie looking at cookie string: txtMainTab=Timeline; chkBackstage=true; chkSliderOptionsPanel=false; tiddlyweb_user="mike:713b9e83b2ff7528259c38f59b29462a7f545f36"
2009-09-21 23:32:48,115 DEBUG    UserExtract:simple_cookie found {'name': u'mike', 'roles': []}
2009-09-21 23:32:48,115 DEBUG    negotiating for content-type application/json; charset=UTF-8
2009-09-21 23:32:48,116 DEBUG    attempting to validate apache 2 with revision 1
2009-09-21 23:32:48,116 DEBUG    attempting to validate incoming etag: "private-mike/apache%202/1" against "private-mike/apache%202/1"
2009-09-21 23:32:48,120 INFO     ::1 - mike [21/Sep/2009:23:32:48 ] "PUT /bags/private-mike/tiddlers/apache%202 HTTP/1.1" 204 - "http://tiddlyguv.dev:9090/recipes/portal-mike/tiddlers.wiki" "Mozilla/5.0 (Macintosh; U; Intel Mac OS X 10.5; en-US; rv:1.9.1.3) Gecko/20090824 Firefox/3.5.3"
2009-09-21 23:35:47,320 DEBUG    TiddlyWeb starting up as /usr/local/bin/twanager
2009-09-21 23:35:47,324 DEBUG    running command server with [u'tiddlyguv.dev', u'9090']
2009-09-21 23:35:47,554 DEBUG    attempt to import system plugin methodhack
2009-09-21 23:35:47,558 DEBUG    attempt to import system plugin tiddlywebwiki
2009-09-21 23:35:47,668 DEBUG    attempt to import system plugin atomplugin
2009-09-21 23:35:47,670 DEBUG    wrapping app with <class 'tiddlyweb.web.negotiate.Negotiate'>
2009-09-21 23:35:47,670 DEBUG    wrapping app with <class 'tiddlyweb.web.wsgi.Header'>
2009-09-21 23:35:47,670 DEBUG    wrapping app with <class 'tiddlyweb.web.extractor.UserExtract'>
2009-09-21 23:35:47,671 DEBUG    wrapping app with <class 'tiddlyweb.web.wsgi.StoreSet'>
2009-09-21 23:35:47,671 DEBUG    wrapping app with <class 'tiddlyweb.web.query.Query'>
2009-09-21 23:35:47,671 DEBUG    wrapping app with <class 'methodhack.MethodHack'>
2009-09-21 23:35:47,671 DEBUG    wrapping app with <class 'tiddlyweb.web.serve.Environator'>
2009-09-21 23:35:47,671 DEBUG    wrapping app with <class 'tiddlyweb.web.serve.Configurator'>
2009-09-21 23:35:47,671 DEBUG    wrapping app with <class 'tiddlyweb.web.wsgi.HTMLPresenter'>
2009-09-21 23:35:47,671 DEBUG    wrapping app with <class 'tiddlyweb.web.wsgi.PermissionsExceptor'>
2009-09-21 23:35:47,672 DEBUG    wrapping app with <class 'tiddlyweb.web.http.HTTPExceptor'>
2009-09-21 23:35:47,672 DEBUG    wrapping app with <class 'tiddlyweb.web.wsgi.EncodeUTF8'>
2009-09-21 23:35:47,672 DEBUG    wrapping app with <class 'tiddlyweb.web.wsgi.SimpleLog'>
2009-09-21 23:35:47,672 DEBUG    starting cherrypy at tiddlyguv.dev:9090
2009-09-21 23:35:59,684 DEBUG    starting "GET" request with uri "None", script_name "", path_info "/challenge/ldap" and query "tiddlyweb_redirect=%2Frecipes%2Fportal%2Ftiddlers.wiki"
2009-09-21 23:35:59,684 DEBUG    overriding GET method to GET
2009-09-21 23:35:59,728 DEBUG    simple_cookie looking at cookie string: txtMainTab=Timeline; chkBackstage=true; chkSliderOptionsPanel=false; tiddlyweb_user="mike:713b9e83b2ff7528259c38f59b29462a7f545f36"
2009-09-21 23:35:59,729 DEBUG    UserExtract:simple_cookie found {'name': u'mike', 'roles': []}
2009-09-21 23:35:59,729 DEBUG    negotiating for accept and extensions ['text/html', 'application/xhtml+xml', 'application/xml', '*/*', '*/*']
2009-09-21 23:35:59,733 INFO     ::1 - mike [21/Sep/2009:23:35:59 ] "GET /challenge/ldap?tiddlyweb_redirect=%2Frecipes%2Fportal%2Ftiddlers.wiki HTTP/1.1" 200 - "-" "Mozilla/5.0 (Macintosh; U; Intel Mac OS X 10.5; en-US; rv:1.9.1.3) Gecko/20090824 Firefox/3.5.3"
2009-09-21 23:36:03,293 DEBUG    starting "POST" request with uri "None", script_name "", path_info "/challenge/ldap" and query "tiddlyweb_redirect=%2Frecipes%2Fportal%2Ftiddlers.wiki"
2009-09-21 23:36:03,293 DEBUG    overriding POST method to POST
2009-09-21 23:36:03,294 DEBUG    simple_cookie looking at cookie string: txtMainTab=Timeline; chkBackstage=true; chkSliderOptionsPanel=false; tiddlyweb_user="mike:713b9e83b2ff7528259c38f59b29462a7f545f36"
2009-09-21 23:36:03,295 DEBUG    UserExtract:simple_cookie found {'name': u'mike', 'roles': []}
2009-09-21 23:36:03,295 DEBUG    negotiating for content-type application/x-www-form-urlencoded
2009-09-21 23:36:03,298 INFO     ::1 - mike [21/Sep/2009:23:36:03 ] "POST /challenge/ldap?tiddlyweb_redirect=%2Frecipes%2Fportal%2Ftiddlers.wiki HTTP/1.1" 303 - "http://tiddlyguv.dev:9090/challenge/ldap?tiddlyweb_redirect=%2Frecipes%2Fportal%2Ftiddlers.wiki" "Mozilla/5.0 (Macintosh; U; Intel Mac OS X 10.5; en-US; rv:1.9.1.3) Gecko/20090824 Firefox/3.5.3"
2009-09-21 23:36:03,399 DEBUG    starting "GET" request with uri "None", script_name "", path_info "/recipes/portal-mike/tiddlers.wiki" and query ""
2009-09-21 23:36:03,399 DEBUG    overriding GET method to GET
2009-09-21 23:36:03,399 DEBUG    simple_cookie looking at cookie string: txtMainTab=Timeline; chkBackstage=true; chkSliderOptionsPanel=false; tiddlyweb_user="mike:713b9e83b2ff7528259c38f59b29462a7f545f36"
2009-09-21 23:36:03,400 DEBUG    UserExtract:simple_cookie found {'name': u'mike', 'roles': []}
2009-09-21 23:36:03,401 DEBUG    negotiating for accept and extensions ['text/x-tiddlywiki', 'text/html', 'application/xhtml+xml', 'application/xml', '*/*', '*/*']
2009-09-21 23:36:03,761 INFO     ::1 - mike [21/Sep/2009:23:36:03 ] "GET /recipes/portal-mike/tiddlers.wiki HTTP/1.1" 200 - "http://tiddlyguv.dev:9090/challenge/ldap?tiddlyweb_redirect=%2Frecipes%2Fportal%2Ftiddlers.wiki" "Mozilla/5.0 (Macintosh; U; Intel Mac OS X 10.5; en-US; rv:1.9.1.3) Gecko/20090824 Firefox/3.5.3"
2009-09-21 23:36:10,602 DEBUG    starting "GET" request with uri "None", script_name "", path_info "/bags/client/tiddlers/DocumentsIndex" and query ""
2009-09-21 23:36:10,602 DEBUG    overriding GET method to GET
2009-09-21 23:36:10,602 DEBUG    simple_cookie looking at cookie string: txtMainTab=Timeline; chkBackstage=true; chkSliderOptionsPanel=false; tiddlyweb_user="mike:713b9e83b2ff7528259c38f59b29462a7f545f36"
2009-09-21 23:36:10,606 DEBUG    UserExtract:simple_cookie found {'name': u'mike', 'roles': []}
2009-09-21 23:36:10,606 DEBUG    negotiating for accept and extensions ['application/json', '*/*']
2009-09-21 23:36:10,615 INFO     ::1 - mike [21/Sep/2009:23:36:10 ] "GET /bags/client/tiddlers/DocumentsIndex HTTP/1.1" 404 - "http://tiddlyguv.dev:9090/recipes/portal-mike/tiddlers.wiki" "Mozilla/5.0 (Macintosh; U; Intel Mac OS X 10.5; en-US; rv:1.9.1.3) Gecko/20090824 Firefox/3.5.3"
2009-09-21 23:41:48,586 DEBUG    TiddlyWeb starting up as /usr/local/bin/twanager
2009-09-21 23:41:48,587 DEBUG    running command server with [u'tiddlyguv.dev', u'9090']
2009-09-21 23:41:48,923 DEBUG    attempt to import system plugin methodhack
2009-09-21 23:41:48,927 DEBUG    attempt to import system plugin tiddlywebwiki
2009-09-21 23:41:49,106 DEBUG    attempt to import system plugin atomplugin
2009-09-21 23:41:49,108 DEBUG    wrapping app with <class 'tiddlyweb.web.negotiate.Negotiate'>
2009-09-21 23:41:49,108 DEBUG    wrapping app with <class 'tiddlyweb.web.wsgi.Header'>
2009-09-21 23:41:49,109 DEBUG    wrapping app with <class 'tiddlyweb.web.extractor.UserExtract'>
2009-09-21 23:41:49,109 DEBUG    wrapping app with <class 'tiddlyweb.web.wsgi.StoreSet'>
2009-09-21 23:41:49,109 DEBUG    wrapping app with <class 'tiddlyweb.web.query.Query'>
2009-09-21 23:41:49,109 DEBUG    wrapping app with <class 'methodhack.MethodHack'>
2009-09-21 23:41:49,109 DEBUG    wrapping app with <class 'tiddlyweb.web.serve.Environator'>
2009-09-21 23:41:49,109 DEBUG    wrapping app with <class 'tiddlyweb.web.serve.Configurator'>
2009-09-21 23:41:49,109 DEBUG    wrapping app with <class 'tiddlyweb.web.wsgi.HTMLPresenter'>
2009-09-21 23:41:49,111 DEBUG    wrapping app with <class 'tiddlyweb.web.wsgi.PermissionsExceptor'>
2009-09-21 23:41:49,112 DEBUG    wrapping app with <class 'tiddlyweb.web.http.HTTPExceptor'>
2009-09-21 23:41:49,117 DEBUG    wrapping app with <class 'tiddlyweb.web.wsgi.EncodeUTF8'>
2009-09-21 23:41:49,117 DEBUG    wrapping app with <class 'tiddlyweb.web.wsgi.SimpleLog'>
2009-09-21 23:41:49,117 DEBUG    starting cherrypy at tiddlyguv.dev:9090
2009-09-21 23:41:56,631 DEBUG    starting "GET" request with uri "None", script_name "", path_info "/recipes/portal-mike/tiddlers.wik" and query ""
2009-09-21 23:41:56,631 DEBUG    overriding GET method to GET
2009-09-21 23:41:56,646 DEBUG    simple_cookie looking at cookie string: txtMainTab=Timeline; chkBackstage=true; chkSliderOptionsPanel=false; tiddlyweb_user="mike:713b9e83b2ff7528259c38f59b29462a7f545f36"
2009-09-21 23:41:56,785 DEBUG    UserExtract:simple_cookie found {'name': u'mike', 'roles': []}
2009-09-21 23:41:56,785 DEBUG    negotiating for accept and extensions ['text/html', 'application/xhtml+xml', 'application/xml', '*/*', '*/*']
2009-09-21 23:41:56,788 INFO     ::1 - mike [21/Sep/2009:23:41:56 ] "GET /recipes/portal-mike/tiddlers.wik HTTP/1.1" 404 - "-" "Mozilla/5.0 (Macintosh; U; Intel Mac OS X 10.5; en-US; rv:1.9.1.3) Gecko/20090824 Firefox/3.5.3"
2009-09-21 23:42:07,645 DEBUG    starting "GET" request with uri "None", script_name "", path_info "/challenge/ldap" and query "tiddlyweb_redirect=%2Frecipes%2Fportal%2Ftiddlers.wiki"
2009-09-21 23:42:07,645 DEBUG    overriding GET method to GET
2009-09-21 23:42:07,646 DEBUG    simple_cookie looking at cookie string: txtMainTab=Timeline; chkBackstage=true; chkSliderOptionsPanel=false; tiddlyweb_user="mike:713b9e83b2ff7528259c38f59b29462a7f545f36"
2009-09-21 23:42:07,646 DEBUG    UserExtract:simple_cookie found {'name': u'mike', 'roles': []}
2009-09-21 23:42:07,647 DEBUG    negotiating for accept and extensions ['text/html', 'application/xhtml+xml', 'application/xml', '*/*', '*/*']
2009-09-21 23:42:07,650 INFO     ::1 - mike [21/Sep/2009:23:42:07 ] "GET /challenge/ldap?tiddlyweb_redirect=%2Frecipes%2Fportal%2Ftiddlers.wiki HTTP/1.1" 200 - "-" "Mozilla/5.0 (Macintosh; U; Intel Mac OS X 10.5; en-US; rv:1.9.1.3) Gecko/20090824 Firefox/3.5.3"
2009-09-21 23:42:10,759 DEBUG    starting "POST" request with uri "None", script_name "", path_info "/challenge/ldap" and query "tiddlyweb_redirect=%2Frecipes%2Fportal%2Ftiddlers.wiki"
2009-09-21 23:42:10,759 DEBUG    overriding POST method to POST
2009-09-21 23:42:10,760 DEBUG    simple_cookie looking at cookie string: txtMainTab=Timeline; chkBackstage=true; chkSliderOptionsPanel=false; tiddlyweb_user="mike:713b9e83b2ff7528259c38f59b29462a7f545f36"
2009-09-21 23:42:10,760 DEBUG    UserExtract:simple_cookie found {'name': u'mike', 'roles': []}
2009-09-21 23:42:10,760 DEBUG    negotiating for content-type application/x-www-form-urlencoded
2009-09-21 23:42:10,762 INFO     ::1 - mike [21/Sep/2009:23:42:10 ] "POST /challenge/ldap?tiddlyweb_redirect=%2Frecipes%2Fportal%2Ftiddlers.wiki HTTP/1.1" 303 - "http://tiddlyguv.dev:9090/challenge/ldap?tiddlyweb_redirect=%2Frecipes%2Fportal%2Ftiddlers.wiki" "Mozilla/5.0 (Macintosh; U; Intel Mac OS X 10.5; en-US; rv:1.9.1.3) Gecko/20090824 Firefox/3.5.3"
2009-09-21 23:42:10,774 DEBUG    starting "GET" request with uri "None", script_name "", path_info "/recipes/portal-mike/tiddlers.wiki" and query ""
2009-09-21 23:42:10,774 DEBUG    overriding GET method to GET
2009-09-21 23:42:10,775 DEBUG    simple_cookie looking at cookie string: txtMainTab=Timeline; chkBackstage=true; chkSliderOptionsPanel=false; tiddlyweb_user="mike:713b9e83b2ff7528259c38f59b29462a7f545f36"
2009-09-21 23:42:10,775 DEBUG    UserExtract:simple_cookie found {'name': u'mike', 'roles': []}
2009-09-21 23:42:10,776 DEBUG    negotiating for accept and extensions ['text/x-tiddlywiki', 'text/html', 'application/xhtml+xml', 'application/xml', '*/*', '*/*']
2009-09-21 23:42:11,140 INFO     ::1 - mike [21/Sep/2009:23:42:11 ] "GET /recipes/portal-mike/tiddlers.wiki HTTP/1.1" 200 - "http://tiddlyguv.dev:9090/challenge/ldap?tiddlyweb_redirect=%2Frecipes%2Fportal%2Ftiddlers.wiki" "Mozilla/5.0 (Macintosh; U; Intel Mac OS X 10.5; en-US; rv:1.9.1.3) Gecko/20090824 Firefox/3.5.3"
2009-09-21 23:42:17,820 DEBUG    starting "GET" request with uri "None", script_name "", path_info "/bags/client/tiddlers/DocumentsIndex" and query ""
2009-09-21 23:42:17,820 DEBUG    overriding GET method to GET
2009-09-21 23:42:17,821 DEBUG    simple_cookie looking at cookie string: txtMainTab=Timeline; chkBackstage=true; chkSliderOptionsPanel=false; tiddlyweb_user="mike:713b9e83b2ff7528259c38f59b29462a7f545f36"
2009-09-21 23:42:17,821 DEBUG    UserExtract:simple_cookie found {'name': u'mike', 'roles': []}
2009-09-21 23:42:17,822 DEBUG    negotiating for accept and extensions ['application/json', '*/*']
2009-09-21 23:42:17,824 INFO     ::1 - mike [21/Sep/2009:23:42:17 ] "GET /bags/client/tiddlers/DocumentsIndex HTTP/1.1" 404 - "http://tiddlyguv.dev:9090/recipes/portal-mike/tiddlers.wiki" "Mozilla/5.0 (Macintosh; U; Intel Mac OS X 10.5; en-US; rv:1.9.1.3) Gecko/20090824 Firefox/3.5.3"
2009-09-21 23:49:58,681 DEBUG    TiddlyWeb starting up as /usr/local/bin/twanager
2009-09-21 23:49:58,682 DEBUG    running command server with [u'tiddlyguv.dev', u'9090']
2009-09-21 23:49:58,933 DEBUG    attempt to import system plugin methodhack
2009-09-21 23:49:58,934 DEBUG    attempt to import system plugin tiddlywebwiki
2009-09-21 23:49:59,043 DEBUG    attempt to import system plugin atomplugin
2009-09-21 23:49:59,043 DEBUG    wrapping app with <class 'tiddlyweb.web.negotiate.Negotiate'>
2009-09-21 23:49:59,043 DEBUG    wrapping app with <class 'tiddlyweb.web.wsgi.Header'>
2009-09-21 23:49:59,043 DEBUG    wrapping app with <class 'tiddlyweb.web.extractor.UserExtract'>
2009-09-21 23:49:59,043 DEBUG    wrapping app with <class 'tiddlyweb.web.wsgi.StoreSet'>
2009-09-21 23:49:59,043 DEBUG    wrapping app with <class 'tiddlyweb.web.query.Query'>
2009-09-21 23:49:59,043 DEBUG    wrapping app with <class 'methodhack.MethodHack'>
2009-09-21 23:49:59,045 DEBUG    wrapping app with <class 'tiddlyweb.web.serve.Environator'>
2009-09-21 23:49:59,046 DEBUG    wrapping app with <class 'tiddlyweb.web.serve.Configurator'>
2009-09-21 23:49:59,046 DEBUG    wrapping app with <class 'tiddlyweb.web.wsgi.HTMLPresenter'>
2009-09-21 23:49:59,046 DEBUG    wrapping app with <class 'tiddlyweb.web.wsgi.PermissionsExceptor'>
2009-09-21 23:49:59,046 DEBUG    wrapping app with <class 'tiddlyweb.web.http.HTTPExceptor'>
2009-09-21 23:49:59,046 DEBUG    wrapping app with <class 'tiddlyweb.web.wsgi.EncodeUTF8'>
2009-09-21 23:49:59,046 DEBUG    wrapping app with <class 'tiddlyweb.web.wsgi.SimpleLog'>
2009-09-21 23:49:59,047 DEBUG    starting cherrypy at tiddlyguv.dev:9090
2009-09-21 23:50:00,595 DEBUG    starting "GET" request with uri "None", script_name "", path_info "/recipes/portal-mike/tiddlers.wiki" and query ""
2009-09-21 23:50:00,596 DEBUG    overriding GET method to GET
2009-09-21 23:50:00,604 DEBUG    simple_cookie looking at cookie string: txtMainTab=Timeline; chkBackstage=true; chkSliderOptionsPanel=false; tiddlyweb_user="mike:713b9e83b2ff7528259c38f59b29462a7f545f36"
2009-09-21 23:50:00,612 DEBUG    UserExtract:simple_cookie found {'name': u'mike', 'roles': []}
2009-09-21 23:50:00,612 DEBUG    negotiating for accept and extensions ['text/x-tiddlywiki', 'text/html', 'application/xhtml+xml', 'application/xml', '*/*', '*/*']
2009-09-21 23:50:01,020 INFO     ::1 - mike [21/Sep/2009:23:50:01 ] "GET /recipes/portal-mike/tiddlers.wiki HTTP/1.1" 200 - "-" "Mozilla/5.0 (Macintosh; U; Intel Mac OS X 10.5; en-US; rv:1.9.1.3) Gecko/20090824 Firefox/3.5.3"
2009-09-21 23:50:12,961 DEBUG    starting "PUT" request with uri "None", script_name "", path_info "/bags/content/tiddlers/DocumentsIndex" and query ""
2009-09-21 23:50:12,964 DEBUG    simple_cookie looking at cookie string: txtMainTab=Timeline; chkBackstage=true; chkSliderOptionsPanel=false; tiddlyweb_user="mike:713b9e83b2ff7528259c38f59b29462a7f545f36"
2009-09-21 23:50:12,964 DEBUG    UserExtract:simple_cookie found {'name': u'mike', 'roles': []}
2009-09-21 23:50:12,965 DEBUG    negotiating for content-type application/json; charset=UTF-8
2009-09-21 23:50:12,966 DEBUG    attempting to validate DocumentsIndex with revision 1
2009-09-21 23:50:12,966 DEBUG    attempting to validate incoming etag: "content/DocumentsIndex/1" against "content/DocumentsIndex/1"
2009-09-21 23:50:12,970 INFO     ::1 - mike [21/Sep/2009:23:50:12 ] "PUT /bags/content/tiddlers/DocumentsIndex HTTP/1.1" 204 - "http://tiddlyguv.dev:9090/recipes/portal-mike/tiddlers.wiki" "Mozilla/5.0 (Macintosh; U; Intel Mac OS X 10.5; en-US; rv:1.9.1.3) Gecko/20090824 Firefox/3.5.3"
2009-09-21 23:50:13,151 DEBUG    starting "DELETE" request with uri "None", script_name "", path_info "/bags/content/tiddlers/DocumentsIndex" and query ""
2009-09-21 23:50:13,152 DEBUG    simple_cookie looking at cookie string: txtMainTab=Timeline; chkBackstage=true; chkSliderOptionsPanel=false; tiddlyweb_user="mike:713b9e83b2ff7528259c38f59b29462a7f545f36"
2009-09-21 23:50:13,153 DEBUG    UserExtract:simple_cookie found {'name': u'mike', 'roles': []}
2009-09-21 23:50:13,155 DEBUG    attempting to validate DocumentsIndex with revision 1
2009-09-21 23:50:13,155 DEBUG    attempting to validate incoming etag: "content/DocumentsIndex/1" against "content/DocumentsIndex/1"
2009-09-21 23:50:13,156 INFO     ::1 - mike [21/Sep/2009:23:50:13 ] "DELETE /bags/content/tiddlers/DocumentsIndex HTTP/1.1" 204 - "http://tiddlyguv.dev:9090/recipes/portal-mike/tiddlers.wiki" "Mozilla/5.0 (Macintosh; U; Intel Mac OS X 10.5; en-US; rv:1.9.1.3) Gecko/20090824 Firefox/3.5.3"
2009-09-21 23:50:13,630 DEBUG    starting "PUT" request with uri "None", script_name "", path_info "/bags/private-mike/tiddlers/DocumentsIndex" and query ""
2009-09-21 23:50:13,632 DEBUG    simple_cookie looking at cookie string: txtMainTab=Timeline; chkBackstage=true; chkSliderOptionsPanel=false; tiddlyweb_user="mike:713b9e83b2ff7528259c38f59b29462a7f545f36"
2009-09-21 23:50:13,632 DEBUG    UserExtract:simple_cookie found {'name': u'mike', 'roles': []}
2009-09-21 23:50:13,632 DEBUG    negotiating for content-type application/json; charset=UTF-8
2009-09-21 23:50:13,633 DEBUG    attempting to validate DocumentsIndex with revision 1
2009-09-21 23:50:13,633 DEBUG    attempting to validate incoming etag: "private-mike/DocumentsIndex/1" against "private-mike/DocumentsIndex/1"
2009-09-21 23:50:13,637 INFO     ::1 - mike [21/Sep/2009:23:50:13 ] "PUT /bags/private-mike/tiddlers/DocumentsIndex HTTP/1.1" 204 - "http://tiddlyguv.dev:9090/recipes/portal-mike/tiddlers.wiki" "Mozilla/5.0 (Macintosh; U; Intel Mac OS X 10.5; en-US; rv:1.9.1.3) Gecko/20090824 Firefox/3.5.3"
2009-09-21 23:50:36,542 DEBUG    starting "PUT" request with uri "None", script_name "", path_info "/bags/private-mike/tiddlers/test doc" and query ""
2009-09-21 23:50:36,542 DEBUG    simple_cookie looking at cookie string: txtMainTab=Timeline; chkBackstage=true; chkSliderOptionsPanel=false; tiddlyweb_user="mike:713b9e83b2ff7528259c38f59b29462a7f545f36"
2009-09-21 23:50:36,543 DEBUG    UserExtract:simple_cookie found {'name': u'mike', 'roles': []}
2009-09-21 23:50:36,543 DEBUG    negotiating for content-type application/json; charset=UTF-8
2009-09-21 23:50:36,544 DEBUG    attempting to validate test doc with revision 1
2009-09-21 23:50:36,544 DEBUG    attempting to validate incoming etag: "private-mike/test%20doc/1" against "private-mike/test%20doc/1"
2009-09-21 23:50:36,548 INFO     ::1 - mike [21/Sep/2009:23:50:36 ] "PUT /bags/private-mike/tiddlers/test%20doc HTTP/1.1" 204 - "http://tiddlyguv.dev:9090/recipes/portal-mike/tiddlers.wiki" "Mozilla/5.0 (Macintosh; U; Intel Mac OS X 10.5; en-US; rv:1.9.1.3) Gecko/20090824 Firefox/3.5.3"
2009-09-21 23:50:58,188 DEBUG    starting "PUT" request with uri "None", script_name "", path_info "/bags/private-mike/tiddlers/test doc" and query ""
2009-09-21 23:50:58,188 DEBUG    simple_cookie looking at cookie string: txtMainTab=Timeline; chkBackstage=true; chkSliderOptionsPanel=false; tiddlyweb_user="mike:713b9e83b2ff7528259c38f59b29462a7f545f36"
2009-09-21 23:50:58,189 DEBUG    UserExtract:simple_cookie found {'name': u'mike', 'roles': []}
2009-09-21 23:50:58,189 DEBUG    negotiating for content-type application/json; charset=UTF-8
2009-09-21 23:50:58,191 DEBUG    attempting to validate test doc with revision 1
2009-09-21 23:50:58,191 DEBUG    attempting to validate incoming etag: "private-mike/test%20doc/1" against "private-mike/test%20doc/1"
2009-09-21 23:50:58,194 INFO     ::1 - mike [21/Sep/2009:23:50:58 ] "PUT /bags/private-mike/tiddlers/test%20doc HTTP/1.1" 204 - "http://tiddlyguv.dev:9090/recipes/portal-mike/tiddlers.wiki" "Mozilla/5.0 (Macintosh; U; Intel Mac OS X 10.5; en-US; rv:1.9.1.3) Gecko/20090824 Firefox/3.5.3"
2009-09-21 23:50:58,398 DEBUG    starting "DELETE" request with uri "None", script_name "", path_info "/bags/private-mike/tiddlers/test doc" and query ""
2009-09-21 23:50:58,399 DEBUG    simple_cookie looking at cookie string: txtMainTab=Timeline; chkBackstage=true; chkSliderOptionsPanel=false; tiddlyweb_user="mike:713b9e83b2ff7528259c38f59b29462a7f545f36"
2009-09-21 23:50:58,400 DEBUG    UserExtract:simple_cookie found {'name': u'mike', 'roles': []}
2009-09-21 23:50:58,401 DEBUG    attempting to validate test doc with revision 1
2009-09-21 23:50:58,401 DEBUG    attempting to validate incoming etag: "private-mike/test%20doc/1" against "private-mike/test%20doc/1"
2009-09-21 23:50:58,402 INFO     ::1 - mike [21/Sep/2009:23:50:58 ] "DELETE /bags/private-mike/tiddlers/test%20doc HTTP/1.1" 204 - "http://tiddlyguv.dev:9090/recipes/portal-mike/tiddlers.wiki" "Mozilla/5.0 (Macintosh; U; Intel Mac OS X 10.5; en-US; rv:1.9.1.3) Gecko/20090824 Firefox/3.5.3"
2009-09-21 23:50:58,625 DEBUG    starting "PUT" request with uri "None", script_name "", path_info "/bags/protected-admin/tiddlers/test doc" and query ""
2009-09-21 23:50:58,626 DEBUG    simple_cookie looking at cookie string: txtMainTab=Timeline; chkBackstage=true; chkSliderOptionsPanel=false; tiddlyweb_user="mike:713b9e83b2ff7528259c38f59b29462a7f545f36"
2009-09-21 23:50:58,634 DEBUG    UserExtract:simple_cookie found {'name': u'mike', 'roles': []}
2009-09-21 23:50:58,635 DEBUG    negotiating for content-type application/json; charset=UTF-8
2009-09-21 23:50:58,670 WARNING  Traceback (most recent call last):
  File "build/bdist.macosx-10.5-i386/egg/tiddlyweb/web/http.py", line 108, in __call__
    return self.application(environ, start_response)
  File "build/bdist.macosx-10.5-i386/egg/tiddlyweb/web/wsgi.py", line 220, in __call__
    output = self.application(environ, start_response)
  File "build/bdist.macosx-10.5-i386/egg/tiddlyweb/web/wsgi.py", line 47, in __call__
    output = self.application(environ, start_response)
  File "build/bdist.macosx-10.5-i386/egg/tiddlyweb/web/serve.py", line 100, in __call__
    return self.application(environ, start_response)
  File "build/bdist.macosx-10.5-i386/egg/tiddlyweb/web/serve.py", line 86, in __call__
    return self.application(environ, start_response)
  File "/Users/mahemoff/tw/Trunk/contributors/MichaelMahemoff/verticals/guv/dist/methodhack.py", line 55, in __call__
    return self.application(environ, start_response)
  File "build/bdist.macosx-10.5-i386/egg/tiddlyweb/web/query.py", line 28, in __call__
    return self.application(environ, start_response)
  File "build/bdist.macosx-10.5-i386/egg/tiddlyweb/web/wsgi.py", line 186, in __call__
    return self.application(environ, start_response)
  File "build/bdist.macosx-10.5-i386/egg/tiddlyweb/web/extractor.py", line 27, in __call__
    return self.application(environ, start_response)
  File "build/bdist.macosx-10.5-i386/egg/tiddlyweb/web/wsgi.py", line 33, in __call__
    return self.application(environ, start_response)
  File "build/bdist.macosx-10.5-i386/egg/tiddlyweb/web/negotiate.py", line 21, in __call__
    return self.application(environ, start_response)
  File "build/bdist.macosx-10.5-i386/egg/selector.py", line 161, in __call__
    return app(environ, start_response)
  File "build/bdist.macosx-10.5-i386/egg/tiddlyweb/web/handler/tiddler.py", line 73, in put
    return _put_tiddler(environ, start_response, tiddler)
  File "build/bdist.macosx-10.5-i386/egg/tiddlyweb/web/handler/tiddler.py", line 245, in _put_tiddler
    _check_bag_constraint(environ, bag, 'write')
  File "build/bdist.macosx-10.5-i386/egg/tiddlyweb/web/handler/tiddler.py", line 86, in _check_bag_constraint
    bag = store.get(bag)
  File "build/bdist.macosx-10.5-i386/egg/tiddlyweb/store.py", line 96, in get
    thing = func(thing)
  File "/Users/mahemoff/tw/Trunk/contributors/MichaelMahemoff/verticals/guv/dist/devtext.py", line 68, in bag_get
    bag.policy = self._read_policy(bag_path)
  File "/Users/mahemoff/tw/Trunk/contributors/MichaelMahemoff/verticals/guv/dist/devtext.py", line 210, in _read_policy
    policy_data = simplejson.loads(policy)
  File "build/bdist.macosx-10.5-i386/egg/simplejson/__init__.py", line 307, in loads
  File "build/bdist.macosx-10.5-i386/egg/simplejson/decoder.py", line 335, in decode
    obj, end = self.raw_decode(s, idx=_w(s, 0).end())
  File "build/bdist.macosx-10.5-i386/egg/simplejson/decoder.py", line 351, in raw_decode
    obj, end = self.scan_once(s, idx)
  File "build/bdist.macosx-10.5-i386/egg/simplejson/scanner.py", line 36, in _scan_once
    return parse_object((string, idx + 1), encoding, strict, _scan_once, object_hook)
  File "build/bdist.macosx-10.5-i386/egg/simplejson/decoder.py", line 162, in JSONObject
    raise ValueError(errmsg("Expecting property name", s, end))
ValueError: Expecting property name: line 1 column 1 (char 1)

2009-09-21 23:50:58,671 INFO     ::1 - mike [21/Sep/2009:23:50:58 ] "PUT /bags/protected-admin/tiddlers/test%20doc HTTP/1.1" 500 - "http://tiddlyguv.dev:9090/recipes/portal-mike/tiddlers.wiki" "Mozilla/5.0 (Macintosh; U; Intel Mac OS X 10.5; en-US; rv:1.9.1.3) Gecko/20090824 Firefox/3.5.3"
2009-09-21 23:55:01,949 DEBUG    TiddlyWeb starting up as /usr/local/bin/twanager
2009-09-21 23:55:01,950 DEBUG    running command server with [u'tiddlyguv.dev', u'9090']
2009-09-21 23:55:02,345 DEBUG    attempt to import system plugin methodhack
2009-09-21 23:55:02,349 DEBUG    attempt to import system plugin tiddlywebwiki
2009-09-21 23:55:02,530 DEBUG    attempt to import system plugin atomplugin
2009-09-21 23:55:02,531 DEBUG    wrapping app with <class 'tiddlyweb.web.negotiate.Negotiate'>
2009-09-21 23:55:02,531 DEBUG    wrapping app with <class 'tiddlyweb.web.wsgi.Header'>
2009-09-21 23:55:02,531 DEBUG    wrapping app with <class 'tiddlyweb.web.extractor.UserExtract'>
2009-09-21 23:55:02,531 DEBUG    wrapping app with <class 'tiddlyweb.web.wsgi.StoreSet'>
2009-09-21 23:55:02,531 DEBUG    wrapping app with <class 'tiddlyweb.web.query.Query'>
2009-09-21 23:55:02,531 DEBUG    wrapping app with <class 'methodhack.MethodHack'>
2009-09-21 23:55:02,532 DEBUG    wrapping app with <class 'tiddlyweb.web.serve.Environator'>
2009-09-21 23:55:02,532 DEBUG    wrapping app with <class 'tiddlyweb.web.serve.Configurator'>
2009-09-21 23:55:02,532 DEBUG    wrapping app with <class 'tiddlyweb.web.wsgi.HTMLPresenter'>
2009-09-21 23:55:02,532 DEBUG    wrapping app with <class 'tiddlyweb.web.wsgi.PermissionsExceptor'>
2009-09-21 23:55:02,532 DEBUG    wrapping app with <class 'tiddlyweb.web.http.HTTPExceptor'>
2009-09-21 23:55:02,532 DEBUG    wrapping app with <class 'tiddlyweb.web.wsgi.EncodeUTF8'>
2009-09-21 23:55:02,532 DEBUG    wrapping app with <class 'tiddlyweb.web.wsgi.SimpleLog'>
2009-09-21 23:55:02,532 DEBUG    starting cherrypy at tiddlyguv.dev:9090
2009-09-21 23:55:03,057 DEBUG    starting "GET" request with uri "None", script_name "", path_info "/recipes/portal-mike/tiddlers.wiki" and query ""
2009-09-21 23:55:03,057 DEBUG    overriding GET method to GET
2009-09-21 23:55:03,072 DEBUG    simple_cookie looking at cookie string: txtMainTab=Timeline; chkBackstage=true; chkSliderOptionsPanel=false; tiddlyweb_user="mike:713b9e83b2ff7528259c38f59b29462a7f545f36"
2009-09-21 23:55:03,072 DEBUG    UserExtract:simple_cookie found {'name': u'mike', 'roles': []}
2009-09-21 23:55:03,073 DEBUG    negotiating for accept and extensions ['text/x-tiddlywiki', 'text/html', 'application/xhtml+xml', 'application/xml', '*/*', '*/*']
2009-09-21 23:55:03,074 INFO     ::1 - mike [21/Sep/2009:23:55:03 ] "GET /recipes/portal-mike/tiddlers.wiki HTTP/1.1" 404 - "-" "Mozilla/5.0 (Macintosh; U; Intel Mac OS X 10.5; en-US; rv:1.9.1.3) Gecko/20090824 Firefox/3.5.3"
2009-09-21 23:55:13,284 DEBUG    starting "GET" request with uri "None", script_name "", path_info "/challenge/ldap" and query "tiddlyweb_redirect=%2Frecipes%2Fportal%2Ftiddlers.wiki"
2009-09-21 23:55:13,285 DEBUG    overriding GET method to GET
2009-09-21 23:55:13,289 DEBUG    simple_cookie looking at cookie string: txtMainTab=Timeline; chkBackstage=true; chkSliderOptionsPanel=false; tiddlyweb_user="mike:713b9e83b2ff7528259c38f59b29462a7f545f36"
2009-09-21 23:55:13,289 DEBUG    UserExtract:simple_cookie found {'name': u'mike', 'roles': []}
2009-09-21 23:55:13,290 DEBUG    negotiating for accept and extensions ['text/html', 'application/xhtml+xml', 'application/xml', '*/*', '*/*']
2009-09-21 23:55:13,300 INFO     ::1 - mike [21/Sep/2009:23:55:13 ] "GET /challenge/ldap?tiddlyweb_redirect=%2Frecipes%2Fportal%2Ftiddlers.wiki HTTP/1.1" 200 - "-" "Mozilla/5.0 (Macintosh; U; Intel Mac OS X 10.5; en-US; rv:1.9.1.3) Gecko/20090824 Firefox/3.5.3"
2009-09-21 23:55:24,800 DEBUG    starting "POST" request with uri "None", script_name "", path_info "/challenge/ldap" and query "tiddlyweb_redirect=%2Frecipes%2Fportal%2Ftiddlers.wiki"
2009-09-21 23:55:24,801 DEBUG    overriding POST method to POST
2009-09-21 23:55:24,802 DEBUG    simple_cookie looking at cookie string: txtMainTab=Timeline; chkBackstage=true; chkSliderOptionsPanel=false; tiddlyweb_user="mike:713b9e83b2ff7528259c38f59b29462a7f545f36"
2009-09-21 23:55:24,804 DEBUG    UserExtract:simple_cookie found {'name': u'mike', 'roles': []}
2009-09-21 23:55:24,804 DEBUG    negotiating for content-type application/x-www-form-urlencoded
2009-09-21 23:55:24,809 INFO     ::1 - mike [21/Sep/2009:23:55:24 ] "POST /challenge/ldap?tiddlyweb_redirect=%2Frecipes%2Fportal%2Ftiddlers.wiki HTTP/1.1" 303 - "http://tiddlyguv.dev:9090/challenge/ldap?tiddlyweb_redirect=%2Frecipes%2Fportal%2Ftiddlers.wiki" "Mozilla/5.0 (Macintosh; U; Intel Mac OS X 10.5; en-US; rv:1.9.1.3) Gecko/20090824 Firefox/3.5.3"
2009-09-21 23:55:24,909 DEBUG    starting "GET" request with uri "None", script_name "", path_info "/recipes/portal-mike/tiddlers.wiki" and query ""
2009-09-21 23:55:24,909 DEBUG    overriding GET method to GET
2009-09-21 23:55:24,909 DEBUG    simple_cookie looking at cookie string: txtMainTab=Timeline; chkBackstage=true; chkSliderOptionsPanel=false; tiddlyweb_user="mike:713b9e83b2ff7528259c38f59b29462a7f545f36"
2009-09-21 23:55:24,910 DEBUG    UserExtract:simple_cookie found {'name': u'mike', 'roles': []}
2009-09-21 23:55:24,910 DEBUG    negotiating for accept and extensions ['text/x-tiddlywiki', 'text/html', 'application/xhtml+xml', 'application/xml', '*/*', '*/*']
2009-09-21 23:55:25,224 INFO     ::1 - mike [21/Sep/2009:23:55:25 ] "GET /recipes/portal-mike/tiddlers.wiki HTTP/1.1" 200 - "http://tiddlyguv.dev:9090/challenge/ldap?tiddlyweb_redirect=%2Frecipes%2Fportal%2Ftiddlers.wiki" "Mozilla/5.0 (Macintosh; U; Intel Mac OS X 10.5; en-US; rv:1.9.1.3) Gecko/20090824 Firefox/3.5.3"
2009-09-21 23:55:35,075 DEBUG    starting "PUT" request with uri "None", script_name "", path_info "/bags/private-mike/tiddlers/apache" and query ""
2009-09-21 23:55:35,075 DEBUG    simple_cookie looking at cookie string: txtMainTab=Timeline; chkBackstage=true; chkSliderOptionsPanel=false; tiddlyweb_user="mike:713b9e83b2ff7528259c38f59b29462a7f545f36"
2009-09-21 23:55:35,076 DEBUG    UserExtract:simple_cookie found {'name': u'mike', 'roles': []}
2009-09-21 23:55:35,076 DEBUG    negotiating for content-type application/json; charset=UTF-8
2009-09-21 23:55:35,080 DEBUG    attempting to validate apache with revision 1
2009-09-21 23:55:35,081 DEBUG    attempting to validate incoming etag: "private-mike/apache/1" against "private-mike/apache/1"
2009-09-21 23:55:35,088 INFO     ::1 - mike [21/Sep/2009:23:55:35 ] "PUT /bags/private-mike/tiddlers/apache HTTP/1.1" 204 - "http://tiddlyguv.dev:9090/recipes/portal-mike/tiddlers.wiki" "Mozilla/5.0 (Macintosh; U; Intel Mac OS X 10.5; en-US; rv:1.9.1.3) Gecko/20090824 Firefox/3.5.3"
2009-09-21 23:55:40,530 DEBUG    starting "PUT" request with uri "None", script_name "", path_info "/bags/private-mike/tiddlers/apache_plain" and query ""
2009-09-21 23:55:40,531 DEBUG    simple_cookie looking at cookie string: txtMainTab=Timeline; chkBackstage=true; chkSliderOptionsPanel=false; tiddlyweb_user="mike:713b9e83b2ff7528259c38f59b29462a7f545f36"
2009-09-21 23:55:40,532 DEBUG    UserExtract:simple_cookie found {'name': u'mike', 'roles': []}
2009-09-21 23:55:40,533 DEBUG    negotiating for content-type application/json; charset=UTF-8
2009-09-21 23:55:40,534 DEBUG    attempting to validate apache_plain with revision 1
2009-09-21 23:55:40,534 DEBUG    attempting to validate incoming etag: "private-mike/apache_plain/1" against "private-mike/apache_plain/1"
2009-09-21 23:55:40,542 INFO     ::1 - mike [21/Sep/2009:23:55:40 ] "PUT /bags/private-mike/tiddlers/apache_plain HTTP/1.1" 204 - "http://tiddlyguv.dev:9090/recipes/portal-mike/tiddlers.wiki" "Mozilla/5.0 (Macintosh; U; Intel Mac OS X 10.5; en-US; rv:1.9.1.3) Gecko/20090824 Firefox/3.5.3"
2009-09-22 00:00:46,088 DEBUG    starting "GET" request with uri "None", script_name "", path_info "/bags/client/tiddlers/DocumentsIndex" and query ""
2009-09-22 00:00:46,088 DEBUG    overriding GET method to GET
2009-09-22 00:00:46,088 DEBUG    simple_cookie looking at cookie string: txtMainTab=Timeline; chkBackstage=true; chkSliderOptionsPanel=false; tiddlyweb_user="mike:713b9e83b2ff7528259c38f59b29462a7f545f36"
2009-09-22 00:00:46,089 DEBUG    UserExtract:simple_cookie found {'name': u'mike', 'roles': []}
2009-09-22 00:00:46,089 DEBUG    negotiating for accept and extensions ['application/json', '*/*']
2009-09-22 00:00:46,092 INFO     ::1 - mike [22/Sep/2009:00:00:46 ] "GET /bags/client/tiddlers/DocumentsIndex HTTP/1.1" 404 - "http://tiddlyguv.dev:9090/recipes/portal-mike/tiddlers.wiki" "Mozilla/5.0 (Macintosh; U; Intel Mac OS X 10.5; en-US; rv:1.9.1.3) Gecko/20090824 Firefox/3.5.3"
2009-09-22 00:06:55,431 DEBUG    TiddlyWeb starting up as /usr/local/bin/twanager
2009-09-22 00:06:55,432 DEBUG    running command server with [u'tiddlyguv.dev', u'9090']
2009-09-22 00:06:55,845 DEBUG    attempt to import system plugin methodhack
2009-09-22 00:06:55,847 DEBUG    attempt to import system plugin tiddlywebwiki
2009-09-22 00:06:56,054 DEBUG    attempt to import system plugin atomplugin
2009-09-22 00:06:56,055 DEBUG    wrapping app with <class 'tiddlyweb.web.negotiate.Negotiate'>
2009-09-22 00:06:56,055 DEBUG    wrapping app with <class 'tiddlyweb.web.wsgi.Header'>
2009-09-22 00:06:56,055 DEBUG    wrapping app with <class 'tiddlyweb.web.extractor.UserExtract'>
2009-09-22 00:06:56,055 DEBUG    wrapping app with <class 'tiddlyweb.web.wsgi.StoreSet'>
2009-09-22 00:06:56,055 DEBUG    wrapping app with <class 'tiddlyweb.web.query.Query'>
2009-09-22 00:06:56,055 DEBUG    wrapping app with <class 'methodhack.MethodHack'>
2009-09-22 00:06:56,056 DEBUG    wrapping app with <class 'tiddlyweb.web.serve.Environator'>
2009-09-22 00:06:56,056 DEBUG    wrapping app with <class 'tiddlyweb.web.serve.Configurator'>
2009-09-22 00:06:56,056 DEBUG    wrapping app with <class 'tiddlyweb.web.wsgi.HTMLPresenter'>
2009-09-22 00:06:56,057 DEBUG    wrapping app with <class 'tiddlyweb.web.wsgi.PermissionsExceptor'>
2009-09-22 00:06:56,057 DEBUG    wrapping app with <class 'tiddlyweb.web.http.HTTPExceptor'>
2009-09-22 00:06:56,057 DEBUG    wrapping app with <class 'tiddlyweb.web.wsgi.EncodeUTF8'>
2009-09-22 00:06:56,057 DEBUG    wrapping app with <class 'tiddlyweb.web.wsgi.SimpleLog'>
2009-09-22 00:06:56,057 DEBUG    starting cherrypy at tiddlyguv.dev:9090
2009-09-22 00:07:00,313 DEBUG    starting "GET" request with uri "None", script_name "", path_info "/challenge/ldap" and query "tiddlyweb_redirect=%2Frecipes%2Fportal%2Ftiddlers.wiki"
2009-09-22 00:07:00,314 DEBUG    overriding GET method to GET
2009-09-22 00:07:00,333 DEBUG    simple_cookie looking at cookie string: txtMainTab=Timeline; chkBackstage=true; chkSliderOptionsPanel=false; tiddlyweb_user="mike:713b9e83b2ff7528259c38f59b29462a7f545f36"
2009-09-22 00:07:00,334 DEBUG    UserExtract:simple_cookie found {'name': u'mike', 'roles': []}
2009-09-22 00:07:00,334 DEBUG    negotiating for accept and extensions ['text/html', 'application/xhtml+xml', 'application/xml', '*/*', '*/*']
2009-09-22 00:07:00,338 INFO     ::1 - mike [22/Sep/2009:00:07:00 ] "GET /challenge/ldap?tiddlyweb_redirect=%2Frecipes%2Fportal%2Ftiddlers.wiki HTTP/1.1" 200 - "-" "Mozilla/5.0 (Macintosh; U; Intel Mac OS X 10.5; en-US; rv:1.9.1.3) Gecko/20090824 Firefox/3.5.3"
2009-09-22 00:07:00,596 DEBUG    starting "GET" request with uri "None", script_name "", path_info "/challenge/ldap" and query "tiddlyweb_redirect=%2Frecipes%2Fportal%2Ftiddlers.wiki"
2009-09-22 00:07:00,596 DEBUG    overriding GET method to GET
2009-09-22 00:07:00,600 DEBUG    simple_cookie looking at cookie string: txtMainTab=Timeline; chkBackstage=true; chkSliderOptionsPanel=false; tiddlyweb_user="mike:713b9e83b2ff7528259c38f59b29462a7f545f36"
2009-09-22 00:07:00,601 DEBUG    UserExtract:simple_cookie found {'name': u'mike', 'roles': []}
2009-09-22 00:07:00,602 DEBUG    negotiating for accept and extensions ['text/html', 'application/xhtml+xml', 'application/xml', '*/*', '*/*']
2009-09-22 00:07:00,602 INFO     ::1 - mike [22/Sep/2009:00:07:00 ] "GET /challenge/ldap?tiddlyweb_redirect=%2Frecipes%2Fportal%2Ftiddlers.wiki HTTP/1.1" 200 - "-" "Mozilla/5.0 (Macintosh; U; Intel Mac OS X 10.5; en-US; rv:1.9.1.3) Gecko/20090824 Firefox/3.5.3"
2009-09-22 00:07:02,421 DEBUG    starting "POST" request with uri "None", script_name "", path_info "/challenge/ldap" and query "tiddlyweb_redirect=%2Frecipes%2Fportal%2Ftiddlers.wiki"
2009-09-22 00:07:02,421 DEBUG    overriding POST method to POST
2009-09-22 00:07:02,422 DEBUG    simple_cookie looking at cookie string: txtMainTab=Timeline; chkBackstage=true; chkSliderOptionsPanel=false; tiddlyweb_user="mike:713b9e83b2ff7528259c38f59b29462a7f545f36"
2009-09-22 00:07:02,428 DEBUG    UserExtract:simple_cookie found {'name': u'mike', 'roles': []}
2009-09-22 00:07:02,429 DEBUG    negotiating for content-type application/x-www-form-urlencoded
2009-09-22 00:07:02,430 INFO     ::1 - mike [22/Sep/2009:00:07:02 ] "POST /challenge/ldap?tiddlyweb_redirect=%2Frecipes%2Fportal%2Ftiddlers.wiki HTTP/1.1" 303 - "http://tiddlyguv.dev:9090/challenge/ldap?tiddlyweb_redirect=%2Frecipes%2Fportal%2Ftiddlers.wiki" "Mozilla/5.0 (Macintosh; U; Intel Mac OS X 10.5; en-US; rv:1.9.1.3) Gecko/20090824 Firefox/3.5.3"
2009-09-22 00:07:02,547 DEBUG    starting "GET" request with uri "None", script_name "", path_info "/recipes/portal-mike/tiddlers.wiki" and query ""
2009-09-22 00:07:02,548 DEBUG    overriding GET method to GET
2009-09-22 00:07:02,549 DEBUG    simple_cookie looking at cookie string: txtMainTab=Timeline; chkBackstage=true; chkSliderOptionsPanel=false; tiddlyweb_user="mike:713b9e83b2ff7528259c38f59b29462a7f545f36"
2009-09-22 00:07:02,550 DEBUG    UserExtract:simple_cookie found {'name': u'mike', 'roles': []}
2009-09-22 00:07:02,550 DEBUG    negotiating for accept and extensions ['text/x-tiddlywiki', 'text/html', 'application/xhtml+xml', 'application/xml', '*/*', '*/*']
2009-09-22 00:07:02,983 INFO     ::1 - mike [22/Sep/2009:00:07:02 ] "GET /recipes/portal-mike/tiddlers.wiki HTTP/1.1" 200 - "http://tiddlyguv.dev:9090/challenge/ldap?tiddlyweb_redirect=%2Frecipes%2Fportal%2Ftiddlers.wiki" "Mozilla/5.0 (Macintosh; U; Intel Mac OS X 10.5; en-US; rv:1.9.1.3) Gecko/20090824 Firefox/3.5.3"
2009-09-22 00:07:06,938 DEBUG    starting "GET" request with uri "None", script_name "", path_info "/bags/client/tiddlers/DocumentsIndex" and query ""
2009-09-22 00:07:06,939 DEBUG    overriding GET method to GET
2009-09-22 00:07:06,940 DEBUG    simple_cookie looking at cookie string: txtMainTab=Timeline; chkBackstage=true; chkSliderOptionsPanel=false; tiddlyweb_user="mike:713b9e83b2ff7528259c38f59b29462a7f545f36"
2009-09-22 00:07:06,941 DEBUG    UserExtract:simple_cookie found {'name': u'mike', 'roles': []}
2009-09-22 00:07:06,941 DEBUG    negotiating for accept and extensions ['application/json', '*/*']
2009-09-22 00:07:06,952 INFO     ::1 - mike [22/Sep/2009:00:07:06 ] "GET /bags/client/tiddlers/DocumentsIndex HTTP/1.1" 404 - "http://tiddlyguv.dev:9090/recipes/portal-mike/tiddlers.wiki" "Mozilla/5.0 (Macintosh; U; Intel Mac OS X 10.5; en-US; rv:1.9.1.3) Gecko/20090824 Firefox/3.5.3"
2009-09-22 00:07:21,843 DEBUG    TiddlyWeb starting up as /usr/local/bin/twanager
2009-09-22 00:07:21,844 DEBUG    running command server with [u'tiddlyguv.dev', u'9090']
2009-09-22 00:07:22,110 DEBUG    attempt to import system plugin methodhack
2009-09-22 00:07:22,112 DEBUG    attempt to import system plugin tiddlywebwiki
2009-09-22 00:07:22,230 DEBUG    attempt to import system plugin atomplugin
2009-09-22 00:07:22,231 DEBUG    wrapping app with <class 'tiddlyweb.web.negotiate.Negotiate'>
2009-09-22 00:07:22,231 DEBUG    wrapping app with <class 'tiddlyweb.web.wsgi.Header'>
2009-09-22 00:07:22,231 DEBUG    wrapping app with <class 'tiddlyweb.web.extractor.UserExtract'>
2009-09-22 00:07:22,231 DEBUG    wrapping app with <class 'tiddlyweb.web.wsgi.StoreSet'>
2009-09-22 00:07:22,232 DEBUG    wrapping app with <class 'tiddlyweb.web.query.Query'>
2009-09-22 00:07:22,232 DEBUG    wrapping app with <class 'methodhack.MethodHack'>
2009-09-22 00:07:22,232 DEBUG    wrapping app with <class 'tiddlyweb.web.serve.Environator'>
2009-09-22 00:07:22,232 DEBUG    wrapping app with <class 'tiddlyweb.web.serve.Configurator'>
2009-09-22 00:07:22,233 DEBUG    wrapping app with <class 'tiddlyweb.web.wsgi.HTMLPresenter'>
2009-09-22 00:07:22,233 DEBUG    wrapping app with <class 'tiddlyweb.web.wsgi.PermissionsExceptor'>
2009-09-22 00:07:22,234 DEBUG    wrapping app with <class 'tiddlyweb.web.http.HTTPExceptor'>
2009-09-22 00:07:22,234 DEBUG    wrapping app with <class 'tiddlyweb.web.wsgi.EncodeUTF8'>
2009-09-22 00:07:22,234 DEBUG    wrapping app with <class 'tiddlyweb.web.wsgi.SimpleLog'>
2009-09-22 00:07:22,234 DEBUG    starting cherrypy at tiddlyguv.dev:9090
2009-09-22 00:07:26,734 DEBUG    starting "GET" request with uri "None", script_name "", path_info "/challenge/ldap" and query "tiddlyweb_redirect=%2Frecipes%2Fportal%2Ftiddlers.wiki"
2009-09-22 00:07:26,736 DEBUG    overriding GET method to GET
2009-09-22 00:07:26,755 DEBUG    simple_cookie looking at cookie string: txtMainTab=Timeline; chkBackstage=true; chkSliderOptionsPanel=false; tiddlyweb_user="mike:713b9e83b2ff7528259c38f59b29462a7f545f36"
2009-09-22 00:07:26,761 DEBUG    UserExtract:simple_cookie found {'name': u'mike', 'roles': []}
2009-09-22 00:07:26,761 DEBUG    negotiating for accept and extensions ['text/html', 'application/xhtml+xml', 'application/xml', '*/*', '*/*']
2009-09-22 00:07:26,767 INFO     ::1 - mike [22/Sep/2009:00:07:26 ] "GET /challenge/ldap?tiddlyweb_redirect=%2Frecipes%2Fportal%2Ftiddlers.wiki HTTP/1.1" 200 - "-" "Mozilla/5.0 (Macintosh; U; Intel Mac OS X 10.5; en-US; rv:1.9.1.3) Gecko/20090824 Firefox/3.5.3"
2009-09-22 00:07:29,205 DEBUG    starting "POST" request with uri "None", script_name "", path_info "/challenge/ldap" and query "tiddlyweb_redirect=%2Frecipes%2Fportal%2Ftiddlers.wiki"
2009-09-22 00:07:29,207 DEBUG    overriding POST method to POST
2009-09-22 00:07:29,208 DEBUG    simple_cookie looking at cookie string: txtMainTab=Timeline; chkBackstage=true; chkSliderOptionsPanel=false; tiddlyweb_user="mike:713b9e83b2ff7528259c38f59b29462a7f545f36"
2009-09-22 00:07:29,209 DEBUG    UserExtract:simple_cookie found {'name': u'mike', 'roles': []}
2009-09-22 00:07:29,209 DEBUG    negotiating for content-type application/x-www-form-urlencoded
2009-09-22 00:07:29,210 INFO     ::1 - mike [22/Sep/2009:00:07:29 ] "POST /challenge/ldap?tiddlyweb_redirect=%2Frecipes%2Fportal%2Ftiddlers.wiki HTTP/1.1" 303 - "http://tiddlyguv.dev:9090/challenge/ldap?tiddlyweb_redirect=%2Frecipes%2Fportal%2Ftiddlers.wiki" "Mozilla/5.0 (Macintosh; U; Intel Mac OS X 10.5; en-US; rv:1.9.1.3) Gecko/20090824 Firefox/3.5.3"
2009-09-22 00:07:29,322 DEBUG    starting "GET" request with uri "None", script_name "", path_info "/recipes/portal-mike/tiddlers.wiki" and query ""
2009-09-22 00:07:29,322 DEBUG    overriding GET method to GET
2009-09-22 00:07:29,323 DEBUG    simple_cookie looking at cookie string: txtMainTab=Timeline; chkBackstage=true; chkSliderOptionsPanel=false; tiddlyweb_user="mike:713b9e83b2ff7528259c38f59b29462a7f545f36"
2009-09-22 00:07:29,323 DEBUG    UserExtract:simple_cookie found {'name': u'mike', 'roles': []}
2009-09-22 00:07:29,324 DEBUG    negotiating for accept and extensions ['text/x-tiddlywiki', 'text/html', 'application/xhtml+xml', 'application/xml', '*/*', '*/*']
2009-09-22 00:07:29,638 INFO     ::1 - mike [22/Sep/2009:00:07:29 ] "GET /recipes/portal-mike/tiddlers.wiki HTTP/1.1" 200 - "http://tiddlyguv.dev:9090/challenge/ldap?tiddlyweb_redirect=%2Frecipes%2Fportal%2Ftiddlers.wiki" "Mozilla/5.0 (Macintosh; U; Intel Mac OS X 10.5; en-US; rv:1.9.1.3) Gecko/20090824 Firefox/3.5.3"
2009-09-22 00:07:43,978 DEBUG    starting "PUT" request with uri "None", script_name "", path_info "/bags/content/tiddlers/Desktop Policy" and query ""
2009-09-22 00:07:43,979 DEBUG    simple_cookie looking at cookie string: txtMainTab=Timeline; chkBackstage=true; chkSliderOptionsPanel=false; tiddlyweb_user="mike:713b9e83b2ff7528259c38f59b29462a7f545f36"
2009-09-22 00:07:43,980 DEBUG    UserExtract:simple_cookie found {'name': u'mike', 'roles': []}
2009-09-22 00:07:43,980 DEBUG    negotiating for content-type application/json; charset=UTF-8
2009-09-22 00:07:43,981 DEBUG    attempting to validate Desktop Policy with revision 1
2009-09-22 00:07:43,981 DEBUG    attempting to validate incoming etag: "content/Desktop%20Policy/1" against "content/Desktop%20Policy/1"
2009-09-22 00:07:43,989 INFO     ::1 - mike [22/Sep/2009:00:07:43 ] "PUT /bags/content/tiddlers/Desktop%20Policy HTTP/1.1" 204 - "http://tiddlyguv.dev:9090/recipes/portal-mike/tiddlers.wiki" "Mozilla/5.0 (Macintosh; U; Intel Mac OS X 10.5; en-US; rv:1.9.1.3) Gecko/20090824 Firefox/3.5.3"
2009-09-22 00:07:44,164 DEBUG    starting "DELETE" request with uri "None", script_name "", path_info "/bags/content/tiddlers/Desktop Policy" and query ""
2009-09-22 00:07:44,165 DEBUG    simple_cookie looking at cookie string: txtMainTab=Timeline; chkBackstage=true; chkSliderOptionsPanel=false; tiddlyweb_user="mike:713b9e83b2ff7528259c38f59b29462a7f545f36"
2009-09-22 00:07:44,169 DEBUG    UserExtract:simple_cookie found {'name': u'mike', 'roles': []}
2009-09-22 00:07:44,173 DEBUG    attempting to validate Desktop Policy with revision 1
2009-09-22 00:07:44,173 DEBUG    attempting to validate incoming etag: "content/Desktop%20Policy/1" against "content/Desktop%20Policy/1"
2009-09-22 00:07:44,179 INFO     ::1 - mike [22/Sep/2009:00:07:44 ] "DELETE /bags/content/tiddlers/Desktop%20Policy HTTP/1.1" 204 - "http://tiddlyguv.dev:9090/recipes/portal-mike/tiddlers.wiki" "Mozilla/5.0 (Macintosh; U; Intel Mac OS X 10.5; en-US; rv:1.9.1.3) Gecko/20090824 Firefox/3.5.3"
2009-09-22 00:07:44,370 DEBUG    starting "PUT" request with uri "None", script_name "", path_info "/bags/documents/tiddlers/Desktop Policy" and query ""
2009-09-22 00:07:44,371 DEBUG    simple_cookie looking at cookie string: txtMainTab=Timeline; chkBackstage=true; chkSliderOptionsPanel=false; tiddlyweb_user="mike:713b9e83b2ff7528259c38f59b29462a7f545f36"
2009-09-22 00:07:44,377 DEBUG    UserExtract:simple_cookie found {'name': u'mike', 'roles': []}
2009-09-22 00:07:44,377 DEBUG    negotiating for content-type application/json; charset=UTF-8
2009-09-22 00:07:44,382 DEBUG    attempting to validate Desktop Policy with revision 1
2009-09-22 00:07:44,382 DEBUG    attempting to validate incoming etag: "documents/Desktop%20Policy/1" against "documents/Desktop%20Policy/1"
2009-09-22 00:07:44,384 INFO     ::1 - mike [22/Sep/2009:00:07:44 ] "PUT /bags/documents/tiddlers/Desktop%20Policy HTTP/1.1" 204 - "http://tiddlyguv.dev:9090/recipes/portal-mike/tiddlers.wiki" "Mozilla/5.0 (Macintosh; U; Intel Mac OS X 10.5; en-US; rv:1.9.1.3) Gecko/20090824 Firefox/3.5.3"
2009-09-22 00:09:06,170 DEBUG    TiddlyWeb starting up as /usr/local/bin/twanager
2009-09-22 00:09:06,171 DEBUG    running command server with [u'tiddlyguv.dev', u'9090']
2009-09-22 00:09:06,494 DEBUG    attempt to import system plugin methodhack
2009-09-22 00:09:06,496 DEBUG    attempt to import system plugin tiddlywebwiki
2009-09-22 00:09:06,601 DEBUG    attempt to import system plugin atomplugin
2009-09-22 00:09:06,602 DEBUG    wrapping app with <class 'tiddlyweb.web.negotiate.Negotiate'>
2009-09-22 00:09:06,602 DEBUG    wrapping app with <class 'tiddlyweb.web.wsgi.Header'>
2009-09-22 00:09:06,602 DEBUG    wrapping app with <class 'tiddlyweb.web.extractor.UserExtract'>
2009-09-22 00:09:06,602 DEBUG    wrapping app with <class 'tiddlyweb.web.wsgi.StoreSet'>
2009-09-22 00:09:06,602 DEBUG    wrapping app with <class 'tiddlyweb.web.query.Query'>
2009-09-22 00:09:06,602 DEBUG    wrapping app with <class 'methodhack.MethodHack'>
2009-09-22 00:09:06,602 DEBUG    wrapping app with <class 'tiddlyweb.web.serve.Environator'>
2009-09-22 00:09:06,603 DEBUG    wrapping app with <class 'tiddlyweb.web.serve.Configurator'>
2009-09-22 00:09:06,603 DEBUG    wrapping app with <class 'tiddlyweb.web.wsgi.HTMLPresenter'>
2009-09-22 00:09:06,603 DEBUG    wrapping app with <class 'tiddlyweb.web.wsgi.PermissionsExceptor'>
2009-09-22 00:09:06,603 DEBUG    wrapping app with <class 'tiddlyweb.web.http.HTTPExceptor'>
2009-09-22 00:09:06,603 DEBUG    wrapping app with <class 'tiddlyweb.web.wsgi.EncodeUTF8'>
2009-09-22 00:09:06,603 DEBUG    wrapping app with <class 'tiddlyweb.web.wsgi.SimpleLog'>
2009-09-22 00:09:06,603 DEBUG    starting cherrypy at tiddlyguv.dev:9090
2009-09-22 00:09:14,034 DEBUG    starting "GET" request with uri "None", script_name "", path_info "/recipes/portal-mike/tiddlers.wiki" and query ""
2009-09-22 00:09:14,035 DEBUG    overriding GET method to GET
2009-09-22 00:09:14,052 DEBUG    simple_cookie looking at cookie string: txtMainTab=Timeline; chkBackstage=true; chkSliderOptionsPanel=false; tiddlyweb_user="mike:713b9e83b2ff7528259c38f59b29462a7f545f36"
2009-09-22 00:09:14,052 DEBUG    UserExtract:simple_cookie found {'name': u'mike', 'roles': []}
2009-09-22 00:09:14,052 DEBUG    negotiating for accept and extensions ['text/x-tiddlywiki', 'text/html', 'application/xhtml+xml', 'application/xml', '*/*', '*/*']
2009-09-22 00:09:14,062 INFO     ::1 - mike [22/Sep/2009:00:09:14 ] "GET /recipes/portal-mike/tiddlers.wiki HTTP/1.1" 404 - "-" "Mozilla/5.0 (Macintosh; U; Intel Mac OS X 10.5; en-US; rv:1.9.1.3) Gecko/20090824 Firefox/3.5.3"
2009-09-22 00:09:28,926 DEBUG    starting "GET" request with uri "None", script_name "", path_info "/challenge/ldap" and query "tiddlyweb_redirect=%2Frecipes%2Fportal%2Ftiddlers.wiki"
2009-09-22 00:09:28,927 DEBUG    overriding GET method to GET
2009-09-22 00:09:28,929 DEBUG    simple_cookie looking at cookie string: txtMainTab=Timeline; chkBackstage=true; chkSliderOptionsPanel=false; tiddlyweb_user="mike:713b9e83b2ff7528259c38f59b29462a7f545f36"
2009-09-22 00:09:28,948 DEBUG    UserExtract:simple_cookie found {'name': u'mike', 'roles': []}
2009-09-22 00:09:28,948 DEBUG    negotiating for accept and extensions ['text/html', 'application/xhtml+xml', 'application/xml', '*/*', '*/*']
2009-09-22 00:09:28,955 INFO     ::1 - mike [22/Sep/2009:00:09:28 ] "GET /challenge/ldap?tiddlyweb_redirect=%2Frecipes%2Fportal%2Ftiddlers.wiki HTTP/1.1" 200 - "-" "Mozilla/5.0 (Macintosh; U; Intel Mac OS X 10.5; en-US; rv:1.9.1.3) Gecko/20090824 Firefox/3.5.3"
2009-09-22 00:09:31,510 DEBUG    starting "POST" request with uri "None", script_name "", path_info "/challenge/ldap" and query "tiddlyweb_redirect=%2Frecipes%2Fportal%2Ftiddlers.wiki"
2009-09-22 00:09:31,510 DEBUG    overriding POST method to POST
2009-09-22 00:09:31,511 DEBUG    simple_cookie looking at cookie string: txtMainTab=Timeline; chkBackstage=true; chkSliderOptionsPanel=false; tiddlyweb_user="mike:713b9e83b2ff7528259c38f59b29462a7f545f36"
2009-09-22 00:09:31,512 DEBUG    UserExtract:simple_cookie found {'name': u'mike', 'roles': []}
2009-09-22 00:09:31,512 DEBUG    negotiating for content-type application/x-www-form-urlencoded
2009-09-22 00:09:31,513 INFO     ::1 - mike [22/Sep/2009:00:09:31 ] "POST /challenge/ldap?tiddlyweb_redirect=%2Frecipes%2Fportal%2Ftiddlers.wiki HTTP/1.1" 303 - "http://tiddlyguv.dev:9090/challenge/ldap?tiddlyweb_redirect=%2Frecipes%2Fportal%2Ftiddlers.wiki" "Mozilla/5.0 (Macintosh; U; Intel Mac OS X 10.5; en-US; rv:1.9.1.3) Gecko/20090824 Firefox/3.5.3"
2009-09-22 00:09:31,621 DEBUG    starting "GET" request with uri "None", script_name "", path_info "/recipes/portal-mike/tiddlers.wiki" and query ""
2009-09-22 00:09:31,623 DEBUG    overriding GET method to GET
2009-09-22 00:09:31,623 DEBUG    simple_cookie looking at cookie string: txtMainTab=Timeline; chkBackstage=true; chkSliderOptionsPanel=false; tiddlyweb_user="mike:713b9e83b2ff7528259c38f59b29462a7f545f36"
2009-09-22 00:09:31,624 DEBUG    UserExtract:simple_cookie found {'name': u'mike', 'roles': []}
2009-09-22 00:09:31,624 DEBUG    negotiating for accept and extensions ['text/x-tiddlywiki', 'text/html', 'application/xhtml+xml', 'application/xml', '*/*', '*/*']
2009-09-22 00:09:31,962 INFO     ::1 - mike [22/Sep/2009:00:09:31 ] "GET /recipes/portal-mike/tiddlers.wiki HTTP/1.1" 200 - "http://tiddlyguv.dev:9090/challenge/ldap?tiddlyweb_redirect=%2Frecipes%2Fportal%2Ftiddlers.wiki" "Mozilla/5.0 (Macintosh; U; Intel Mac OS X 10.5; en-US; rv:1.9.1.3) Gecko/20090824 Firefox/3.5.3"
